[taxi-dqn.py -             <module>:22] : 


Hey, Welcome Amitabh !


 
[taxi-dqn.py -             <module>:28] : Observation space      : Discrete(500) 
[taxi-dqn.py -             <module>:29] : Number of states       : 500 
[taxi-dqn.py -             <module>:30] : Action space           : Discrete(6) 
[taxi-dqn.py -             <module>:31] : Number of action space : 6 
[taxi-dqn.py -  build_compile_model:69] : <bound method Model.summary of <keras.engine.sequential.Sequential object at 0x00000258F53BE2B0>> 
[taxi-dqn.py -  build_compile_model:69] : <bound method Model.summary of <keras.engine.sequential.Sequential object at 0x00000258FC06A6D0>> 
[taxi-dqn.py -   align_target_model:76] : Weights of the network : [array([[-0.02854452, -0.0216656 ,  0.03136985, ...,  0.014357  ,
        -0.00463722, -0.04494035],
       [-0.00833119, -0.04194446,  0.00622789, ..., -0.01648886,
         0.03457122, -0.0176153 ],
       [ 0.01593539,  0.00916227,  0.00229334, ...,  0.02131963,
         0.03927556, -0.03760237],
       ...,
       [-0.03103611, -0.04042429, -0.01069429, ..., -0.01855876,
         0.03858359, -0.02817963],
       [ 0.01719332, -0.01544914,  0.02749704, ...,  0.02897451,
         0.00177194, -0.01275021],
       [-0.02204405, -0.00957366,  0.00475801, ..., -0.03564861,
         0.00928253, -0.02329735]], dtype=float32), array([[-2.17677936e-01, -3.28027606e-02, -1.72909319e-01,
         2.53397673e-01,  2.26766616e-01, -5.10823131e-02,
         1.64490074e-01,  6.98909163e-02, -2.25346088e-02,
        -3.12512308e-01,  2.73322016e-01,  2.64381617e-01,
        -9.22325253e-02, -9.17786360e-03,  1.96650237e-01,
         5.68222404e-02,  1.87001437e-01, -3.01888078e-01,
        -1.52312577e-01, -2.38682926e-01, -4.02691364e-02,
        -1.75230712e-01, -2.57426023e-01, -8.34423304e-03,
         9.27856863e-02,  3.00455838e-01,  1.28448695e-01,
         1.66033477e-01, -3.02514434e-03,  1.11948639e-01,
        -2.43561566e-01,  2.33260989e-02,  6.48508668e-02,
         1.15283430e-01,  2.01298296e-02, -8.10276866e-02,
        -2.56301135e-01,  7.67929852e-02, -7.12410808e-02,
         1.12909794e-01,  1.61087602e-01,  2.95515209e-01,
         2.60069072e-02, -2.13551968e-01, -8.97680968e-02,
         3.45092416e-02,  2.14057773e-01,  3.02713662e-01,
         7.57675469e-02,  2.47726530e-01],
       [ 2.41580904e-02,  1.35861546e-01, -9.85330939e-02,
        -1.83521703e-01,  1.19491190e-01, -2.00104296e-01,
        -1.06858313e-02, -2.33047038e-01, -1.27017170e-01,
        -1.51797771e-01, -2.82273203e-01,  9.39429998e-02,
        -7.10246265e-02, -6.99835122e-02, -3.01239610e-01,
         2.20561236e-01, -3.32305431e-02,  3.89086604e-02,
         1.55263662e-01,  2.07360953e-01, -6.04549050e-02,
         1.84194237e-01, -1.77862361e-01,  2.67404348e-01,
         2.94983000e-01, -2.10420609e-01,  1.00652963e-01,
         1.45268977e-01, -2.50066161e-01,  9.48710144e-02,
         1.54948741e-01,  1.71154290e-01,  2.62461573e-01,
        -3.50532830e-02, -2.38272876e-01,  2.41181850e-02,
        -1.56781435e-01, -5.23257852e-02,  1.33878380e-01,
        -2.53295600e-02, -2.26680130e-01, -2.86305308e-01,
         7.92041719e-02,  1.53618395e-01, -1.92725420e-01,
         6.30064309e-02,  4.04657722e-02,  2.79912323e-01,
        -3.08806598e-01,  2.12251574e-01],
       [ 2.09353477e-01, -1.49039686e-01, -2.51014709e-01,
        -1.23010173e-01,  2.35463947e-01,  3.14149648e-01,
        -1.39941752e-01,  1.72809422e-01, -4.32978868e-02,
         5.99431396e-02,  2.50620991e-01,  6.48354888e-02,
        -3.10097367e-01, -2.58520454e-01,  9.85390544e-02,
        -2.55587697e-03,  7.42962956e-02,  1.29044086e-01,
        -2.22027600e-01, -1.52097926e-01,  1.32705837e-01,
        -6.61520362e-02, -5.81385791e-02,  9.92039442e-02,
         9.73059833e-02,  1.28298998e-03,  2.51540571e-01,
        -1.15665451e-01, -2.61519492e-01, -2.21950024e-01,
        -1.78775534e-01, -1.30735919e-01, -2.55359530e-01,
        -7.76708126e-02,  1.80816025e-01,  1.49705887e-01,
        -8.29577744e-02, -6.76264465e-02, -7.65290409e-02,
        -2.02291310e-02,  9.05959308e-02, -1.97326824e-01,
         2.37982661e-01, -1.07991189e-01, -2.77904868e-01,
        -8.12974423e-02,  9.69399214e-02, -2.68923849e-01,
        -3.09783787e-01, -2.21946999e-01],
       [ 1.32790208e-01,  2.31117994e-01, -2.36399084e-01,
        -4.40204144e-02,  7.26225376e-02,  2.30345100e-01,
         9.73563492e-02,  2.76932508e-01, -2.73287177e-01,
         9.28945541e-02, -5.37450910e-02,  2.66568154e-01,
         1.52119726e-01,  2.72373766e-01,  7.55731165e-02,
        -2.39490479e-01, -5.18509746e-02, -3.48726213e-02,
         1.99615151e-01,  1.43777460e-01,  2.02193171e-01,
        -2.52572209e-01,  2.40940183e-01,  1.46543294e-01,
         2.64594525e-01,  2.46739119e-01, -2.52178788e-01,
        -2.56084085e-01, -1.80101499e-01, -1.69729888e-02,
         4.17462885e-02, -2.78265685e-01, -1.68058798e-01,
        -1.67549506e-01,  8.45699310e-02, -1.59622431e-02,
         5.15498221e-02,  2.53851503e-01,  3.77207398e-02,
        -4.94157970e-02,  8.45726430e-02, -1.12362951e-01,
        -1.42029822e-02, -1.98374584e-01, -1.89347520e-01,
        -7.63400942e-02,  2.67938226e-01, -2.19842285e-01,
         1.72060907e-01, -7.96914101e-05],
       [ 1.22838557e-01, -1.41214862e-01, -1.36233479e-01,
        -6.10932708e-02, -2.09930092e-01, -9.32248682e-02,
         1.79596066e-01,  1.43396854e-02, -1.92991495e-01,
        -3.94845009e-02,  7.80939162e-02, -3.07398081e-01,
        -2.48333812e-01,  2.59874552e-01, -7.15194494e-02,
         1.30477935e-01,  2.16388971e-01, -8.98715407e-02,
        -1.57876998e-01,  1.63303375e-01, -7.85049796e-02,
         5.00609279e-02,  2.30223387e-01, -4.87011373e-02,
         3.07192415e-01, -2.91021913e-01,  2.06832290e-02,
         1.49814457e-01, -4.19270694e-02,  1.79174840e-01,
         2.27932930e-02, -2.70535409e-01, -2.25313604e-02,
        -1.42518282e-02, -9.98951793e-02, -5.93487322e-02,
        -3.11747521e-01, -9.43941623e-02,  1.98680073e-01,
         7.20194578e-02,  2.04985887e-01,  1.62632048e-01,
        -6.89777434e-02,  2.71304756e-01, -3.48693728e-02,
        -1.25840306e-02, -2.75427163e-01, -1.34007215e-01,
        -1.74221486e-01, -1.92251116e-01],
       [ 2.37945229e-01,  1.69466496e-01, -1.35578677e-01,
        -1.57540500e-01, -2.22000986e-01, -1.39977634e-02,
        -1.88090682e-01, -3.13768089e-02,  6.25441670e-02,
        -2.76104808e-01,  6.51451349e-02, -4.24599648e-03,
         4.42904234e-03,  3.02462667e-01, -1.57093495e-01,
         2.01897651e-01, -6.08468950e-02, -2.92681813e-01,
        -1.58570930e-01,  7.31026530e-02, -3.00901920e-01,
        -6.76983595e-03,  1.03536367e-01, -1.22871071e-01,
        -2.31525049e-01,  1.91342920e-01,  2.53026754e-01,
         3.09167117e-01, -1.91480204e-01, -1.84972525e-01,
         1.32777900e-01, -8.65337402e-02,  2.67805308e-01,
         5.64196408e-02,  2.82242090e-01,  7.22022057e-02,
         2.76145369e-01,  1.74149334e-01, -1.54693156e-01,
         6.83942735e-02,  2.61556059e-01, -1.37541592e-02,
        -7.54144788e-02,  1.48519099e-01,  6.93090260e-02,
        -2.12146908e-01, -1.83704197e-02, -1.92315042e-01,
        -2.11359948e-01, -2.03817189e-02],
       [ 4.14774120e-02, -6.53778017e-02,  8.55810642e-02,
         2.35534996e-01, -1.27115399e-01, -5.97783327e-02,
         1.19306952e-01, -1.29202023e-01, -1.17134288e-01,
         8.80275369e-02,  2.52903610e-01,  8.68204832e-02,
         1.16700768e-01, -8.48734081e-02,  5.49682379e-02,
         2.38005847e-01,  9.27189589e-02, -2.03797191e-01,
         1.75765723e-01, -1.79120541e-01,  3.05108219e-01,
         1.65216118e-01,  3.01354021e-01, -5.80080450e-02,
         3.14140707e-01, -2.63111383e-01,  3.15047890e-01,
         1.07086688e-01,  1.52084589e-01,  1.42985672e-01,
        -1.65761381e-01,  6.02039099e-02,  1.84780031e-01,
        -5.06525636e-02, -3.21416259e-02,  2.67711371e-01,
         3.79807651e-02,  5.41526675e-02, -2.64351010e-01,
        -1.98247164e-01,  1.75847203e-01,  1.72235519e-01,
        -5.25210798e-02,  2.63350904e-02,  5.36430180e-02,
        -2.53556937e-01, -2.03866959e-02,  2.23888844e-01,
        -3.09087157e-01, -2.78800309e-01],
       [ 1.98831111e-01, -1.79937065e-01, -1.11064419e-01,
         1.81379676e-01,  1.60652637e-01, -1.47311985e-02,
        -1.70629084e-01,  2.66070157e-01,  2.02433020e-01,
        -1.90959275e-02, -4.83626127e-02,  1.09517843e-01,
        -1.49639308e-01, -2.26120993e-01, -1.48869678e-01,
         4.99143004e-02, -6.67597055e-02, -7.87574798e-02,
        -2.67854005e-01,  4.03197408e-02,  6.43039644e-02,
        -1.86137214e-01, -5.36232591e-02,  1.81404084e-01,
        -9.35898423e-02, -7.58242458e-02,  1.12422645e-01,
         7.09077716e-03, -5.74872196e-02, -2.38351434e-01,
         1.03962779e-01, -3.00405383e-01, -2.50960350e-01,
        -2.95923173e-01, -6.57240152e-02,  1.06269330e-01,
         1.89370006e-01, -2.24902928e-01,  4.62523997e-02,
        -2.38257334e-01,  1.39931589e-01, -8.36090446e-02,
        -2.86901146e-01, -2.39533782e-02, -2.67872393e-01,
        -1.51691854e-01, -4.43930924e-02, -2.12554798e-01,
         2.24887520e-01, -3.12560737e-01],
       [ 2.39371866e-01, -2.63954818e-01,  6.37502670e-02,
        -2.71975994e-02,  5.34245372e-03,  3.08287889e-01,
         1.74752623e-01, -4.94469404e-02, -2.74619848e-01,
        -2.59112835e-01, -1.09513178e-01, -6.06593788e-02,
         7.51153231e-02,  2.70274788e-01, -1.09285191e-01,
         2.11728007e-01,  2.85313100e-01,  2.87470907e-01,
        -2.23501027e-01,  2.69811839e-01,  1.69612914e-01,
        -1.32598177e-01, -2.66864300e-01, -1.86797827e-01,
        -2.69011974e-01,  2.47111291e-01, -2.50552535e-01,
         1.31329060e-01,  2.32044071e-01,  1.28100961e-01,
         6.91507757e-02, -2.88798630e-01,  3.06739360e-01,
        -1.80176750e-01, -1.92137346e-01,  6.90395534e-02,
         1.08478844e-01,  1.56819046e-01, -8.93464983e-02,
         1.65748179e-01,  7.61376023e-02, -1.76162586e-01,
         3.08661014e-01, -6.17324710e-02, -1.20431140e-01,
        -2.63031244e-01,  7.16173649e-03, -3.12644422e-01,
         2.87086993e-01,  9.87028778e-02],
       [-4.15814519e-02, -1.98523492e-01,  2.01329798e-01,
         1.06039971e-01,  2.19341427e-01, -6.50674105e-02,
        -1.23307452e-01,  2.82677859e-01,  4.19043899e-02,
        -1.15422457e-01, -1.17548808e-01,  1.55702919e-01,
         1.16348267e-02,  9.85386074e-02, -1.70774758e-02,
        -2.68401742e-01,  1.32881194e-01,  2.68118232e-01,
        -1.01773545e-01,  1.12488031e-01,  1.58038020e-01,
        -8.65789801e-02,  2.61617988e-01, -4.20063138e-02,
        -1.13080546e-01, -1.07305557e-01, -2.54601210e-01,
         2.40354806e-01, -3.11655402e-02,  2.35079914e-01,
        -1.84857994e-01, -2.73830831e-01, -3.03504616e-01,
         2.85589367e-01,  1.39951110e-02, -1.74611121e-01,
        -2.45439202e-01, -6.47255778e-02,  2.04874426e-01,
        -2.37589478e-01, -3.10574472e-02, -6.63669854e-02,
        -2.62866646e-01,  1.01182520e-01,  2.60259420e-01,
        -3.06785107e-04,  1.88170224e-01, -1.19430363e-01,
        -1.91953838e-01, -2.25956142e-02]], dtype=float32), array([0., 0., 0., 0., 0., 0., 0., 0., 0., 0., 0., 0., 0., 0., 0., 0., 0.,
       0., 0., 0., 0., 0., 0., 0., 0., 0., 0., 0., 0., 0., 0., 0., 0., 0.,
       0., 0., 0., 0., 0., 0., 0., 0., 0., 0., 0., 0., 0., 0., 0., 0.],
      dtype=float32), array([[ 0.2000344 , -0.06482337, -0.09483166, ..., -0.18193033,
         0.17238323, -0.07875268],
       [ 0.0215926 ,  0.18090166,  0.19611059, ..., -0.04521738,
        -0.03875221,  0.13586582],
       [-0.00728475,  0.16867714, -0.06605107, ...,  0.24406303,
         0.11000513,  0.24310268],
       ...,
       [ 0.23300649, -0.00883861, -0.20052485, ..., -0.18927453,
         0.13534622, -0.00686012],
       [ 0.1793255 ,  0.13126491, -0.00758457, ..., -0.02865046,
        -0.06538887, -0.18691044],
       [-0.10693221,  0.12497513, -0.13928679, ..., -0.22804491,
        -0.09442846,  0.20944913]], dtype=float32), array([0., 0., 0., 0., 0., 0., 0., 0., 0., 0., 0., 0., 0., 0., 0., 0., 0.,
       0., 0., 0., 0., 0., 0., 0., 0., 0., 0., 0., 0., 0., 0., 0., 0., 0.,
       0., 0., 0., 0., 0., 0., 0., 0., 0., 0., 0., 0., 0., 0., 0., 0.],
      dtype=float32), array([[-0.12594849, -0.00088733,  0.24655038,  0.23098522,  0.2383917 ,
         0.27922064],
       [ 0.2975418 ,  0.2759319 , -0.00104707, -0.3255954 , -0.02265882,
         0.03295171],
       [-0.27494624, -0.02510199, -0.15420003,  0.00863561,  0.24971455,
        -0.22167379],
       [-0.02836627,  0.2624281 ,  0.02715391, -0.19815949, -0.24367061,
        -0.30234832],
       [-0.01238093, -0.10315269, -0.26994795, -0.05325872, -0.13397592,
         0.13894781],
       [ 0.12618127,  0.18438363, -0.302696  ,  0.02839544, -0.11218092,
        -0.31293455],
       [-0.08219717, -0.2540327 ,  0.20236361, -0.0546757 ,  0.01620674,
        -0.2935348 ],
       [ 0.09402448,  0.10409144,  0.26733166, -0.1504643 ,  0.2812357 ,
         0.07990354],
       [ 0.14670196,  0.09488621,  0.2647726 ,  0.04055133,  0.1569516 ,
        -0.21482992],
       [ 0.00915802, -0.12465152, -0.15505707,  0.23689169, -0.09740335,
         0.17210892],
       [-0.2203325 , -0.12379822,  0.02161932,  0.20416212,  0.03000668,
        -0.14576039],
       [ 0.31742442, -0.19877155, -0.20248303, -0.14090118,  0.26929343,
         0.32558286],
       [ 0.08174166, -0.20199643, -0.2880255 , -0.06692716,  0.30218023,
         0.19844794],
       [ 0.1996193 , -0.0095447 , -0.13945414,  0.19612151, -0.05662671,
        -0.1065854 ],
       [ 0.1157999 ,  0.32498384,  0.17045078,  0.15640467, -0.2258116 ,
        -0.05523407],
       [ 0.20967978,  0.00872856, -0.01471484, -0.30918273, -0.09276007,
         0.23130137],
       [ 0.32367146, -0.1012805 ,  0.31930065,  0.06694159,  0.2792501 ,
         0.02736032],
       [ 0.17109641,  0.26130658, -0.22988945, -0.28652757, -0.10957576,
        -0.03376341],
       [ 0.29928046,  0.14889678,  0.2247951 , -0.23511007, -0.11966729,
         0.1856249 ],
       [ 0.26338333,  0.09493771, -0.15103407, -0.10187703,  0.2514323 ,
        -0.22533944],
       [ 0.0907467 , -0.32485232,  0.15396434, -0.27679127,  0.18177617,
        -0.09842598],
       [-0.29398102, -0.04618993,  0.30161452,  0.04802537, -0.00157714,
        -0.2498956 ],
       [ 0.28026354, -0.17335421,  0.31639928, -0.13356753,  0.24941123,
        -0.3121873 ],
       [ 0.24564356, -0.21960485, -0.05554852,  0.29190367, -0.31705743,
        -0.32256338],
       [ 0.05828625, -0.3268145 ,  0.2813354 , -0.23033008, -0.08488888,
         0.02616131],
       [ 0.18184   ,  0.05580777,  0.13147736,  0.27659017,  0.21726638,
         0.29633194],
       [-0.26863095,  0.05828273, -0.17267354,  0.16082257,  0.16628441,
         0.08211225],
       [-0.22009167, -0.27397463, -0.19993702, -0.08710867, -0.04653659,
        -0.25687784],
       [ 0.00441259, -0.15023142,  0.1622693 ,  0.06830263, -0.0615088 ,
         0.32464474],
       [ 0.30596733,  0.18690282,  0.1000697 ,  0.2454654 ,  0.24142164,
         0.2659065 ],
       [-0.00772017,  0.02244923, -0.15530393, -0.02869451,  0.25499868,
        -0.02886996],
       [ 0.22180516,  0.12626213,  0.15011632, -0.22652239, -0.13101582,
         0.00236353],
       [-0.10140832,  0.11556774, -0.23517711,  0.13100195,  0.02633315,
         0.01324627],
       [-0.1419381 ,  0.10926837,  0.04245263, -0.23984686, -0.2781583 ,
         0.2828641 ],
       [ 0.13703755,  0.26228726,  0.32391268, -0.30421418, -0.19055316,
         0.2865097 ],
       [ 0.10305208, -0.16255578,  0.20566928,  0.19676393,  0.12805715,
         0.15098858],
       [-0.19175833,  0.28912657,  0.24082172, -0.23731294,  0.14004657,
         0.23834383],
       [-0.20633309, -0.21453571, -0.05683258, -0.26824075, -0.05136847,
        -0.10288313],
       [ 0.3034551 , -0.05972651, -0.25450987,  0.2924314 ,  0.2977571 ,
         0.02165398],
       [-0.12259039,  0.20858997, -0.01174593,  0.30792457,  0.2481944 ,
         0.00552318],
       [-0.11112449,  0.30689412,  0.2646482 , -0.04732791, -0.23409033,
        -0.23972261],
       [ 0.32564616, -0.2679178 , -0.30696973,  0.24173397,  0.24770665,
         0.07824627],
       [-0.10863669, -0.18363789, -0.13608474,  0.2814141 , -0.11504892,
        -0.27491596],
       [ 0.02419654, -0.18441829,  0.1588881 ,  0.00949147, -0.22743562,
        -0.07181984],
       [ 0.20726675,  0.02861771, -0.31202787,  0.02004471, -0.32289872,
         0.06312352],
       [ 0.3200251 ,  0.20339698,  0.11521178, -0.11256784, -0.13727993,
        -0.05768386],
       [ 0.06178686, -0.03391841,  0.20803171, -0.25286123, -0.24731402,
         0.24089617],
       [ 0.16969419, -0.1761338 , -0.04256102, -0.10304968,  0.04089057,
         0.24197125],
       [-0.14022762, -0.19272472,  0.16896495,  0.01431215,  0.22013092,
        -0.1996162 ],
       [ 0.03967953, -0.07937069,  0.14063936, -0.12729804, -0.28074592,
        -0.18809472]], dtype=float32), array([0., 0., 0., 0., 0., 0.], dtype=float32)] 
[taxi-dqn.py -                  act:83] : In ACT : state value : [[129]] 
[functional.py - _conform_to_reference_input:678] : Tensore receied : Tensor("IteratorGetNext:0", shape=(None, 1), dtype=int32) 
[functional.py - _conform_to_reference_input:679] : REf input receied : KerasTensor(type_spec=TensorSpec(shape=(None, 1), dtype=tf.float32, name='embedding_input'), name='embedding_input', description="created by layer 'embedding_input'") 
[taxi-dqn.py -                  act:85] : In ACT : qvalue value : [[ 0.01830722 -0.0051741   0.00577605 -0.00552363  0.00669996 -0.00937511]] 
[taxi-dqn.py -                  act:86] : In ACT : qvalue value npmax: 0 
[taxi-dqn.py -                  act:83] : In ACT : state value : [[209]] 
[taxi-dqn.py -                  act:85] : In ACT : qvalue value : [[0.01044285 0.00087893 0.00161202 0.01072637 0.00440494 0.00424607]] 
[taxi-dqn.py -                  act:86] : In ACT : qvalue value npmax: 3 
[taxi-dqn.py -                  act:83] : In ACT : state value : [[209]] 
[taxi-dqn.py -                  act:85] : In ACT : qvalue value : [[0.01044285 0.00087893 0.00161202 0.01072637 0.00440494 0.00424607]] 
[taxi-dqn.py -                  act:86] : In ACT : qvalue value npmax: 3 
[taxi-dqn.py -                  act:83] : In ACT : state value : [[209]] 
[taxi-dqn.py -                  act:85] : In ACT : qvalue value : [[0.01044285 0.00087893 0.00161202 0.01072637 0.00440494 0.00424607]] 
[taxi-dqn.py -                  act:86] : In ACT : qvalue value npmax: 3 
[taxi-dqn.py -                  act:83] : In ACT : state value : [[209]] 
[taxi-dqn.py -                  act:85] : In ACT : qvalue value : [[0.01044285 0.00087893 0.00161202 0.01072637 0.00440494 0.00424607]] 
[taxi-dqn.py -                  act:86] : In ACT : qvalue value npmax: 3 
[taxi-dqn.py -                  act:83] : In ACT : state value : [[209]] 
[taxi-dqn.py -                  act:85] : In ACT : qvalue value : [[0.01044285 0.00087893 0.00161202 0.01072637 0.00440494 0.00424607]] 
[taxi-dqn.py -                  act:86] : In ACT : qvalue value npmax: 3 
[taxi-dqn.py -                  act:83] : In ACT : state value : [[209]] 
[taxi-dqn.py -                  act:85] : In ACT : qvalue value : [[0.01044285 0.00087893 0.00161202 0.01072637 0.00440494 0.00424607]] 
[taxi-dqn.py -                  act:86] : In ACT : qvalue value npmax: 3 
[taxi-dqn.py -                  act:83] : In ACT : state value : [[229]] 
[taxi-dqn.py -                  act:85] : In ACT : qvalue value : [[ 0.0094025  -0.00237407 -0.00303358  0.01091809  0.009589    0.0009746 ]] 
[taxi-dqn.py -                  act:86] : In ACT : qvalue value npmax: 3 
[taxi-dqn.py -                  act:83] : In ACT : state value : [[209]] 
[taxi-dqn.py -                  act:85] : In ACT : qvalue value : [[0.01044285 0.00087893 0.00161202 0.01072637 0.00440494 0.00424607]] 
[taxi-dqn.py -                  act:86] : In ACT : qvalue value npmax: 3 
[taxi-dqn.py -                  act:83] : In ACT : state value : [[209]] 
[taxi-dqn.py -                  act:85] : In ACT : qvalue value : [[0.01044285 0.00087893 0.00161202 0.01072637 0.00440494 0.00424607]] 
[taxi-dqn.py -                  act:86] : In ACT : qvalue value npmax: 3 
[taxi-dqn.py -                  act:83] : In ACT : state value : [[209]] 
[taxi-dqn.py -                  act:85] : In ACT : qvalue value : [[0.01044285 0.00087893 0.00161202 0.01072637 0.00440494 0.00424607]] 
[taxi-dqn.py -                  act:86] : In ACT : qvalue value npmax: 3 
[taxi-dqn.py -                  act:83] : In ACT : state value : [[209]] 
[taxi-dqn.py -                  act:85] : In ACT : qvalue value : [[0.01044285 0.00087893 0.00161202 0.01072637 0.00440494 0.00424607]] 
[taxi-dqn.py -                  act:86] : In ACT : qvalue value npmax: 3 
[taxi-dqn.py -                  act:83] : In ACT : state value : [[209]] 
[taxi-dqn.py -                  act:85] : In ACT : qvalue value : [[0.01044285 0.00087893 0.00161202 0.01072637 0.00440494 0.00424607]] 
[taxi-dqn.py -                  act:86] : In ACT : qvalue value npmax: 3 
[taxi-dqn.py -                  act:83] : In ACT : state value : [[209]] 
[taxi-dqn.py -                  act:85] : In ACT : qvalue value : [[0.01044285 0.00087893 0.00161202 0.01072637 0.00440494 0.00424607]] 
[taxi-dqn.py -                  act:86] : In ACT : qvalue value npmax: 3 
[taxi-dqn.py -                  act:83] : In ACT : state value : [[209]] 
[taxi-dqn.py -                  act:85] : In ACT : qvalue value : [[0.01044285 0.00087893 0.00161202 0.01072637 0.00440494 0.00424607]] 
[taxi-dqn.py -                  act:86] : In ACT : qvalue value npmax: 3 
[taxi-dqn.py -                  act:83] : In ACT : state value : [[209]] 
[taxi-dqn.py -                  act:85] : In ACT : qvalue value : [[0.01044285 0.00087893 0.00161202 0.01072637 0.00440494 0.00424607]] 
[taxi-dqn.py -                  act:86] : In ACT : qvalue value npmax: 3 
[taxi-dqn.py -                  act:83] : In ACT : state value : [[209]] 
[taxi-dqn.py -                  act:85] : In ACT : qvalue value : [[0.01044285 0.00087893 0.00161202 0.01072637 0.00440494 0.00424607]] 
[taxi-dqn.py -                  act:86] : In ACT : qvalue value npmax: 3 
[taxi-dqn.py -                  act:83] : In ACT : state value : [[209]] 
[taxi-dqn.py -                  act:85] : In ACT : qvalue value : [[0.01044285 0.00087893 0.00161202 0.01072637 0.00440494 0.00424607]] 
[taxi-dqn.py -                  act:86] : In ACT : qvalue value npmax: 3 
[taxi-dqn.py -                  act:83] : In ACT : state value : [[209]] 
[taxi-dqn.py -                  act:85] : In ACT : qvalue value : [[0.01044285 0.00087893 0.00161202 0.01072637 0.00440494 0.00424607]] 
[taxi-dqn.py -                  act:86] : In ACT : qvalue value npmax: 3 
[taxi-dqn.py -                  act:83] : In ACT : state value : [[209]] 
[taxi-dqn.py -                  act:85] : In ACT : qvalue value : [[0.01044285 0.00087893 0.00161202 0.01072637 0.00440494 0.00424607]] 
[taxi-dqn.py -                  act:86] : In ACT : qvalue value npmax: 3 
[taxi-dqn.py -                  act:83] : In ACT : state value : [[209]] 
[taxi-dqn.py -                  act:85] : In ACT : qvalue value : [[0.01044285 0.00087893 0.00161202 0.01072637 0.00440494 0.00424607]] 
[taxi-dqn.py -                  act:86] : In ACT : qvalue value npmax: 3 
[taxi-dqn.py -                  act:83] : In ACT : state value : [[229]] 
[taxi-dqn.py -                  act:85] : In ACT : qvalue value : [[ 0.0094025  -0.00237407 -0.00303358  0.01091809  0.009589    0.0009746 ]] 
[taxi-dqn.py -                  act:86] : In ACT : qvalue value npmax: 3 
[taxi-dqn.py -                  act:83] : In ACT : state value : [[209]] 
[taxi-dqn.py -                  act:85] : In ACT : qvalue value : [[0.01044285 0.00087893 0.00161202 0.01072637 0.00440494 0.00424607]] 
[taxi-dqn.py -                  act:86] : In ACT : qvalue value npmax: 3 
[taxi-dqn.py -                  act:83] : In ACT : state value : [[209]] 
[taxi-dqn.py -                  act:85] : In ACT : qvalue value : [[0.01044285 0.00087893 0.00161202 0.01072637 0.00440494 0.00424607]] 
[taxi-dqn.py -                  act:86] : In ACT : qvalue value npmax: 3 
[taxi-dqn.py -                  act:83] : In ACT : state value : [[209]] 
[taxi-dqn.py -                  act:85] : In ACT : qvalue value : [[0.01044285 0.00087893 0.00161202 0.01072637 0.00440494 0.00424607]] 
[taxi-dqn.py -                  act:86] : In ACT : qvalue value npmax: 3 
[taxi-dqn.py -                  act:83] : In ACT : state value : [[209]] 
[taxi-dqn.py -                  act:85] : In ACT : qvalue value : [[0.01044285 0.00087893 0.00161202 0.01072637 0.00440494 0.00424607]] 
[taxi-dqn.py -                  act:86] : In ACT : qvalue value npmax: 3 
[taxi-dqn.py -              retrain:93] : >>>>>>>>>>>>>>>>> Loop 0 
[functional.py - _conform_to_reference_input:678] : Tensore receied : Tensor("IteratorGetNext:0", shape=(None, 1), dtype=int32) 
[functional.py - _conform_to_reference_input:679] : REf input receied : KerasTensor(type_spec=TensorSpec(shape=(None, 1), dtype=tf.float32, name='embedding_1_input'), name='embedding_1_input', description="created by layer 'embedding_1_input'") 
[taxi-dqn.py -              retrain:103] : Target Network data at target.predict : [[ 1.0442854e-02  8.7892945e-04  1.6120241e-03 -9.9356419e-01
   4.4049448e-03  4.2460654e-03]]  : Action chosend : -0.9935641884803772 
[functional.py - _conform_to_reference_input:678] : Tensore receied : Tensor("IteratorGetNext:0", shape=(None, 1), dtype=int32) 
[functional.py - _conform_to_reference_input:679] : REf input receied : KerasTensor(type_spec=TensorSpec(shape=(None, 1), dtype=tf.float32, name='embedding_input'), name='embedding_input', description="created by layer 'embedding_input'") 
[functional.py - _conform_to_reference_input:678] : Tensore receied : Tensor("IteratorGetNext:0", shape=(None, 1), dtype=int32) 
[functional.py - _conform_to_reference_input:679] : REf input receied : KerasTensor(type_spec=TensorSpec(shape=(None, 1), dtype=tf.float32, name='embedding_input'), name='embedding_input', description="created by layer 'embedding_input'") 
[taxi-dqn.py -              retrain:93] : >>>>>>>>>>>>>>>>> Loop 1 
[taxi-dqn.py -              retrain:103] : Target Network data at target.predict : [[ 2.5715480e-02  6.4004455e-03  4.4311280e-03 -4.6253361e-02
   1.6469420e-03 -9.9935646e+00]]  : Action chosend : -9.99356460571289 
[taxi-dqn.py -              retrain:93] : >>>>>>>>>>>>>>>>> Loop 2 
[taxi-dqn.py -              retrain:103] : Target Network data at target.predict : [[ 0.02210287  0.01086663 -0.00326851 -0.9935642   0.00638683 -0.03281661]]  : Action chosend : -0.9935641884803772 
[taxi-dqn.py -              retrain:93] : >>>>>>>>>>>>>>>>> Loop 3 
[taxi-dqn.py -              retrain:103] : Target Network data at target.predict : [[ 2.5991991e-02  9.4625438e-03  3.4305593e-04 -9.9356419e-01
   1.1225040e-02 -6.0857035e-02]]  : Action chosend : -0.9935641884803772 
[taxi-dqn.py -              retrain:93] : >>>>>>>>>>>>>>>>> Loop 4 
[taxi-dqn.py -              retrain:103] : Target Network data at target.predict : [[ 0.03914125  0.01224461 -0.99344915 -0.12925367  0.01256336 -0.08407853]]  : Action chosend : -0.9934491515159607 
[taxi-dqn.py -              retrain:93] : >>>>>>>>>>>>>>>>> Loop 5 
[taxi-dqn.py -              retrain:103] : Target Network data at target.predict : [[ 0.05047039  0.01850839 -0.00222554 -0.9935642   0.0167056  -0.10235772]]  : Action chosend : -0.9935641884803772 
[taxi-dqn.py -              retrain:93] : >>>>>>>>>>>>>>>>> Loop 6 
[taxi-dqn.py -              retrain:103] : Target Network data at target.predict : [[ 0.06576778  0.02594401 -0.01215568 -0.9935642   0.02024267 -0.12203025]]  : Action chosend : -0.9935641884803772 
[taxi-dqn.py -              retrain:93] : >>>>>>>>>>>>>>>>> Loop 7 
[taxi-dqn.py -              retrain:103] : Target Network data at target.predict : [[ 0.0865481   0.03410792 -0.02174002 -0.9935642   0.02350613 -0.14264785]]  : Action chosend : -0.9935641884803772 
[taxi-dqn.py -              retrain:93] : >>>>>>>>>>>>>>>>> Loop 8 
[taxi-dqn.py -              retrain:103] : Target Network data at target.predict : [[ 0.08087152  0.04098775 -0.0283872  -0.9935642   0.01914357 -0.13863735]]  : Action chosend : -0.9935641884803772 
[taxi-dqn.py -              retrain:93] : >>>>>>>>>>>>>>>>> Loop 9 
[taxi-dqn.py -              retrain:103] : Target Network data at target.predict : [[ 0.14079589  0.05544559 -0.03908285 -0.9935642   0.02859068 -0.18953538]]  : Action chosend : -0.9935641884803772 
[taxi-dqn.py -              retrain:93] : >>>>>>>>>>>>>>>>> Loop 10 
[taxi-dqn.py -              retrain:103] : Target Network data at target.predict : [[ 0.17281373  0.06530529 -0.04979203 -0.9935642   0.03093885 -0.21922398]]  : Action chosend : -0.9935641884803772 
[taxi-dqn.py -              retrain:93] : >>>>>>>>>>>>>>>>> Loop 11 
[taxi-dqn.py -              retrain:103] : Target Network data at target.predict : [[ 0.2096616   0.07596087 -0.0614896  -0.9935642   0.03356923 -0.2533567 ]]  : Action chosend : -0.9935641884803772 
[taxi-dqn.py -              retrain:93] : >>>>>>>>>>>>>>>>> Loop 12 
[taxi-dqn.py -              retrain:103] : Target Network data at target.predict : [[ 0.25264898  0.08830029 -0.07381497 -0.9935642   0.03665247 -0.29272708]]  : Action chosend : -0.9935641884803772 
[taxi-dqn.py -              retrain:93] : >>>>>>>>>>>>>>>>> Loop 13 
[taxi-dqn.py -              retrain:103] : Target Network data at target.predict : [[ 0.3004898   0.10153116 -0.08708683 -0.9935642   0.039985   -0.33615604]]  : Action chosend : -0.9935641884803772 
[taxi-dqn.py -              retrain:93] : >>>>>>>>>>>>>>>>> Loop 14 
[taxi-dqn.py -              retrain:103] : Target Network data at target.predict : [[ 0.35024777  0.1143151  -0.10109235 -0.9935642   0.04333283 -0.38031176]]  : Action chosend : -0.9935641884803772 
[taxi-dqn.py -              retrain:93] : >>>>>>>>>>>>>>>>> Loop 15 
[taxi-dqn.py -              retrain:103] : Target Network data at target.predict : [[ 0.39093494  0.12580222 -0.1142019  -0.9935642   0.04554512 -0.4184655 ]]  : Action chosend : -0.9935641884803772 
[taxi-dqn.py -              retrain:93] : >>>>>>>>>>>>>>>>> Loop 16 
[taxi-dqn.py -              retrain:103] : Target Network data at target.predict : [[ 0.41259968  0.1336204  -0.12439781 -0.9935642   0.04584847 -0.4416514 ]]  : Action chosend : -0.9935641884803772 
[taxi-dqn.py -              retrain:93] : >>>>>>>>>>>>>>>>> Loop 17 
[taxi-dqn.py -              retrain:103] : Target Network data at target.predict : [[-0.99344915  0.08019359 -0.07567046 -0.92554915  0.02362749 -0.31440428]]  : Action chosend : -0.9934491515159607 
[taxi-dqn.py -              retrain:93] : >>>>>>>>>>>>>>>>> Loop 18 
[taxi-dqn.py -              retrain:103] : Target Network data at target.predict : [[ 0.3754072   0.12901577 -0.13843845 -0.9935642   0.04116881 -0.45560023]]  : Action chosend : -0.9935641884803772 
[taxi-dqn.py -              retrain:93] : >>>>>>>>>>>>>>>>> Loop 19 
[taxi-dqn.py -              retrain:103] : Target Network data at target.predict : [[ 0.3282484   0.1191686  -0.14295642 -0.9935642   0.03772536 -0.4519269 ]]  : Action chosend : -0.9935641884803772 
[taxi-dqn.py -              retrain:93] : >>>>>>>>>>>>>>>>> Loop 20 
[taxi-dqn.py -              retrain:103] : Target Network data at target.predict : [[ 0.13676679  0.05449969 -0.08310732 -0.78550935  0.01114941 -9.989016  ]]  : Action chosend : -9.989015579223633 
[taxi-dqn.py -              retrain:93] : >>>>>>>>>>>>>>>>> Loop 21 
[taxi-dqn.py -              retrain:103] : Target Network data at target.predict : [[ 0.24422556  0.09644932 -0.14891025 -0.9935642   0.03608295 -0.49204358]]  : Action chosend : -0.9935641884803772 
[taxi-dqn.py -              retrain:93] : >>>>>>>>>>>>>>>>> Loop 22 
[taxi-dqn.py -              retrain:103] : Target Network data at target.predict : [[ 0.20726565  0.08360037 -0.15194091 -0.9935642   0.03777862 -0.5362097 ]]  : Action chosend : -0.9935641884803772 
[taxi-dqn.py -              retrain:93] : >>>>>>>>>>>>>>>>> Loop 23 
[taxi-dqn.py -              retrain:103] : Target Network data at target.predict : [[ 0.171841    0.07108165 -0.15431125 -0.9935642   0.03940183 -0.5741091 ]]  : Action chosend : -0.9935641884803772 
[taxi-dqn.py -              retrain:93] : >>>>>>>>>>>>>>>>> Loop 24 
[taxi-dqn.py -              retrain:103] : Target Network data at target.predict : [[ 0.13518107  0.05859914 -0.15788162 -0.9935642   0.04388786 -0.60958886]]  : Action chosend : -0.9935641884803772 
[taxi-dqn.py -              retrain:93] : >>>>>>>>>>>>>>>>> Loop 25 
[taxi-dqn.py -              retrain:103] : Target Network data at target.predict : [[ 0.11352423  0.05596779 -0.15503058 -0.9935642   0.04569454 -0.62350667]]  : Action chosend : -0.9935641884803772 
[taxi-dqn.py -              retrain:93] : >>>>>>>>>>>>>>>>> Loop 26 
[taxi-dqn.py -              retrain:103] : Target Network data at target.predict : [[ 0.07106201  0.03600754 -0.99344915 -1.0019569   0.05193101 -0.6691136 ]]  : Action chosend : -0.9934491515159607 
[taxi-dqn.py -              retrain:93] : >>>>>>>>>>>>>>>>> Loop 27 
[taxi-dqn.py -              retrain:103] : Target Network data at target.predict : [[ 0.04300825  0.02631105 -0.19113362 -0.9935642   0.05768561 -0.69708675]]  : Action chosend : -0.9935641884803772 
[taxi-dqn.py -              retrain:93] : >>>>>>>>>>>>>>>>> Loop 28 
[taxi-dqn.py -              retrain:103] : Target Network data at target.predict : [[ 0.01730009  0.01706455 -0.21607614 -0.9935642   0.06364923 -0.72475827]]  : Action chosend : -0.9935641884803772 
[taxi-dqn.py -              retrain:93] : >>>>>>>>>>>>>>>>> Loop 29 
[taxi-dqn.py -              retrain:103] : Target Network data at target.predict : [[-0.00526965  0.00891471 -0.23928705 -0.9935642   0.0692839  -0.7517943 ]]  : Action chosend : -0.9935641884803772 
[taxi-dqn.py -              retrain:93] : >>>>>>>>>>>>>>>>> Loop 30 
[taxi-dqn.py -              retrain:103] : Target Network data at target.predict : [[-0.02480633  0.00194226 -0.26099378 -0.9935642   0.07444946 -0.7778677 ]]  : Action chosend : -0.9935641884803772 
[taxi-dqn.py -              retrain:93] : >>>>>>>>>>>>>>>>> Loop 31 
[taxi-dqn.py -              retrain:103] : Target Network data at target.predict : [[-0.00789364  0.0186901  -0.28373742 -0.9935642   0.07584447 -0.79866457]]  : Action chosend : -0.9935641884803772 
[taxi-dqn.py -                  act:83] : In ACT : state value : [[209]] 
[taxi-dqn.py -                  act:85] : In ACT : qvalue value : [[-0.05728461 -0.00997039 -0.30012348 -0.9011176   0.08382675 -0.8298389 ]] 
[taxi-dqn.py -                  act:86] : In ACT : qvalue value npmax: 4 
[taxi-dqn.py -              retrain:93] : >>>>>>>>>>>>>>>>> Loop 0 
[taxi-dqn.py -              retrain:103] : Target Network data at target.predict : [[-0.05728461 -0.00997039 -0.30012348 -0.9935642   0.08382675 -0.8298389 ]]  : Action chosend : -0.9935641884803772 
[taxi-dqn.py -              retrain:93] : >>>>>>>>>>>>>>>>> Loop 1 
[taxi-dqn.py -              retrain:103] : Target Network data at target.predict : [[-0.0698053  -0.01356057 -0.3170455  -0.9935642   0.08669925 -0.8536247 ]]  : Action chosend : -0.9935641884803772 
[taxi-dqn.py -              retrain:93] : >>>>>>>>>>>>>>>>> Loop 2 
[taxi-dqn.py -              retrain:103] : Target Network data at target.predict : [[-0.07962052 -0.01669117 -0.33084232 -0.9935642   0.08502213 -0.8786774 ]]  : Action chosend : -0.9935641884803772 
[taxi-dqn.py -              retrain:93] : >>>>>>>>>>>>>>>>> Loop 3 
[taxi-dqn.py -              retrain:103] : Target Network data at target.predict : [[-0.99344915 -0.03399891 -0.30966005 -0.89287573  0.09120477 -0.9034174 ]]  : Action chosend : -0.9934491515159607 
[taxi-dqn.py -              retrain:93] : >>>>>>>>>>>>>>>>> Loop 4 
[taxi-dqn.py -              retrain:103] : Target Network data at target.predict : [[-0.12315719 -0.02580839 -0.3583392  -0.9935642   0.08670756 -0.92556286]]  : Action chosend : -0.9935641884803772 
[taxi-dqn.py -              retrain:93] : >>>>>>>>>>>>>>>>> Loop 5 
[taxi-dqn.py -              retrain:103] : Target Network data at target.predict : [[-0.15569231 -0.03153482 -0.37216437 -0.9935642   0.09050395 -0.94673103]]  : Action chosend : -0.9935641884803772 
[taxi-dqn.py -              retrain:93] : >>>>>>>>>>>>>>>>> Loop 6 
[taxi-dqn.py -              retrain:103] : Target Network data at target.predict : [[-0.18567137 -0.03691226 -0.38507515 -0.9935642   0.09346567 -0.9673636 ]]  : Action chosend : -0.9935641884803772 
[taxi-dqn.py -              retrain:93] : >>>>>>>>>>>>>>>>> Loop 7 
[taxi-dqn.py -              retrain:103] : Target Network data at target.predict : [[-0.16865191 -0.01396174 -0.41472274 -0.9935642   0.10113948 -0.968853  ]]  : Action chosend : -0.9935641884803772 
[taxi-dqn.py -              retrain:93] : >>>>>>>>>>>>>>>>> Loop 8 
[taxi-dqn.py -              retrain:103] : Target Network data at target.predict : [[-0.23922887 -0.04652906 -0.4082986  -0.9935642   0.09839467 -1.0049422 ]]  : Action chosend : -0.9935641884803772 
[taxi-dqn.py -              retrain:93] : >>>>>>>>>>>>>>>>> Loop 9 
[taxi-dqn.py -              retrain:103] : Target Network data at target.predict : [[-0.26326782 -0.05073176 -0.4187296  -0.9935642   0.10103624 -1.0214546 ]]  : Action chosend : -0.9935641884803772 
[taxi-dqn.py -              retrain:93] : >>>>>>>>>>>>>>>>> Loop 10 
[taxi-dqn.py -              retrain:103] : Target Network data at target.predict : [[-0.28557968 -0.05455331 -0.4283245  -0.9935642   0.10379339 -1.0360245 ]]  : Action chosend : -0.9935641884803772 
[taxi-dqn.py -              retrain:93] : >>>>>>>>>>>>>>>>> Loop 11 
[taxi-dqn.py -              retrain:103] : Target Network data at target.predict : [[-0.32865244 -0.07859785 -0.41244853 -0.99914134  0.12655887 -9.989016  ]]  : Action chosend : -9.989015579223633 
[taxi-dqn.py -              retrain:93] : >>>>>>>>>>>>>>>>> Loop 12 
[taxi-dqn.py -              retrain:103] : Target Network data at target.predict : [[-0.34197637 -0.06721647 -0.46418265 -0.9935642   0.11591481 -1.1708485 ]]  : Action chosend : -0.9935641884803772 
[taxi-dqn.py -              retrain:93] : >>>>>>>>>>>>>>>>> Loop 13 
[taxi-dqn.py -              retrain:103] : Target Network data at target.predict : [[-0.3773044  -0.07613051 -0.49085256 -0.9935642   0.125072   -1.2907828 ]]  : Action chosend : -0.9935641884803772 
[taxi-dqn.py -              retrain:93] : >>>>>>>>>>>>>>>>> Loop 14 
[taxi-dqn.py -              retrain:103] : Target Network data at target.predict : [[-0.41176644 -0.08474601 -0.51513356 -0.9935642   0.13319957 -1.403882  ]]  : Action chosend : -0.9935641884803772 
[taxi-dqn.py -              retrain:93] : >>>>>>>>>>>>>>>>> Loop 15 
