[taxi-dqn.py -             <module>:22] : 


Hey, Welcome Amitabh !


 
[taxi-dqn.py -             <module>:28] : Observation space      : Discrete(500) 
[taxi-dqn.py -             <module>:29] : Number of states       : 500 
[taxi-dqn.py -             <module>:30] : Action space           : Discrete(6) 
[taxi-dqn.py -             <module>:31] : Number of action space : 6 
[taxi-dqn.py -  build_compile_model:69] : <bound method Model.summary of <keras.engine.sequential.Sequential object at 0x0000013F81A1DE80>> 
[taxi-dqn.py -  build_compile_model:69] : <bound method Model.summary of <keras.engine.sequential.Sequential object at 0x0000013F8816C2B0>> 
[taxi-dqn.py -   align_target_model:76] : Weights of the network : [array([[-0.03748446, -0.01337767,  0.01789219, ...,  0.01554883,
         0.01583146, -0.02260262],
       [-0.00631236, -0.04170617,  0.02163668, ..., -0.03403648,
        -0.02314754, -0.01136886],
       [-0.04938606, -0.02294469,  0.00773606, ...,  0.00107326,
         0.02143326, -0.00519369],
       ...,
       [-0.02641088, -0.03469234, -0.01714192, ...,  0.00428321,
        -0.02535936, -0.03079231],
       [ 0.00467194, -0.04290032, -0.022908  , ..., -0.01245213,
         0.0314178 ,  0.04270089],
       [-0.01640763,  0.00503493, -0.03699471, ...,  0.01359442,
         0.0345677 ,  0.04172305]], dtype=float32), array([[-0.0700255 , -0.17484914,  0.04637671, -0.01495588,  0.03447342,
         0.20580646, -0.18392295, -0.16575655,  0.06331939,  0.25725177,
         0.2509292 ,  0.15124205, -0.16953495, -0.067322  ,  0.10532412,
        -0.225297  , -0.2657909 ,  0.276251  , -0.14570387,  0.28652367,
        -0.29906133,  0.18800715,  0.29309037, -0.2887906 , -0.25916982,
         0.03058684, -0.07599321,  0.01001865,  0.16272879,  0.11656731,
        -0.11770163,  0.13919955,  0.16758984, -0.31071445, -0.25657928,
         0.16701782,  0.20968571,  0.16303918,  0.24037752, -0.2439715 ,
         0.23259762, -0.15832092,  0.29062715, -0.17291716,  0.00554052,
        -0.08024064,  0.1783019 ,  0.18301973,  0.03479898, -0.23868482],
       [-0.201496  ,  0.04419985,  0.19623354,  0.21929917, -0.01431131,
         0.05938166, -0.03581801, -0.2561484 ,  0.17513889, -0.13870437,
        -0.09166902, -0.11358562, -0.03037784,  0.14971274,  0.26728657,
        -0.05062905, -0.11524265,  0.16573831, -0.07331376,  0.12844273,
         0.03606591,  0.04457447,  0.15991801, -0.23573962,  0.18431762,
        -0.02742961,  0.30273005,  0.28097168, -0.1158476 ,  0.17450812,
        -0.0313493 , -0.23034611, -0.12070823,  0.23396114,  0.03592303,
        -0.23500407,  0.22817639, -0.05315062,  0.27820054,  0.10390359,
         0.28498796,  0.09007457,  0.13552809, -0.01753941, -0.26435727,
         0.315855  , -0.18612531,  0.15018922,  0.21590146, -0.01360089],
       [-0.2113359 , -0.24791387,  0.19008139,  0.30123517,  0.16481662,
        -0.22972244,  0.12817982,  0.15192768, -0.24631739, -0.30745658,
        -0.19626346,  0.21847787,  0.08885032, -0.14292775,  0.18836221,
         0.20159003,  0.22048613,  0.2035394 ,  0.04755655, -0.222281  ,
         0.26987794,  0.01225004, -0.19490561, -0.09561646,  0.23000225,
        -0.01012489, -0.19006708, -0.2755659 ,  0.17458269, -0.16382827,
         0.02602431, -0.15835258,  0.2562649 ,  0.22630444,  0.12895006,
        -0.22569078,  0.13425037,  0.1295701 ,  0.00777319,  0.00749391,
         0.22729918,  0.11856076, -0.12422945, -0.08393905, -0.30442995,
         0.3038245 , -0.00265262,  0.09391782, -0.20145996,  0.20166412],
       [-0.09413917,  0.25975445, -0.00348979, -0.12321064, -0.0328657 ,
         0.0905917 , -0.24945049,  0.0351007 , -0.31077462, -0.19409496,
        -0.02465072, -0.19911768,  0.14388663, -0.0334788 ,  0.13461971,
         0.02439678,  0.08482492,  0.25545952, -0.00741032,  0.12286261,
         0.29197523,  0.26919135,  0.23804131,  0.29205498,  0.25658086,
         0.15457138, -0.15863796,  0.2659655 ,  0.26906618,  0.00217092,
        -0.10374354,  0.26073095, -0.24485436, -0.06167984, -0.01492384,
        -0.2706693 ,  0.20218042,  0.30314478, -0.28033844,  0.03475147,
         0.04639232,  0.00498953, -0.00884777, -0.16179901,  0.13040516,
         0.12733194,  0.04557338,  0.28930852,  0.27471265, -0.04179084],
       [-0.17525356,  0.09516159,  0.3058984 ,  0.23113135,  0.09127116,
        -0.24249896, -0.3092558 , -0.25425765,  0.09489712, -0.1146563 ,
        -0.25437805, -0.2808462 , -0.13859265,  0.27403727,  0.1256373 ,
        -0.11782075,  0.3089976 ,  0.17257977, -0.0532634 , -0.09301919,
        -0.17752852,  0.2792035 ,  0.1997743 , -0.05249143, -0.2950995 ,
        -0.03599653,  0.18303835,  0.1348263 , -0.07674828,  0.22045067,
        -0.24076632,  0.23354015,  0.16151464,  0.05843773,  0.02192566,
         0.16858906, -0.20126891, -0.19119634, -0.29349992, -0.26457757,
        -0.21249282, -0.25149256, -0.20415743,  0.26562282,  0.034042  ,
         0.07750139,  0.26122162,  0.12267548,  0.18615118,  0.20950738],
       [-0.27899498, -0.29497916, -0.01458719,  0.26857927, -0.08913516,
        -0.2069765 ,  0.03891453,  0.06965274,  0.14636809,  0.05001563,
        -0.11587581, -0.01662692, -0.1462295 , -0.20110297,  0.29011777,
        -0.194909  ,  0.10799286,  0.1618616 ,  0.21304575,  0.26132867,
         0.01819956,  0.19293949, -0.02267748, -0.14374043,  0.15782812,
        -0.26030332, -0.0962861 ,  0.06982186, -0.28739712, -0.26888126,
         0.10706812, -0.16714607,  0.17234182, -0.17101857, -0.3088995 ,
         0.26573768,  0.30226883, -0.16454497,  0.03711954, -0.04983619,
         0.24463895,  0.15848333,  0.04871508,  0.18473259,  0.2404857 ,
         0.12296283,  0.17246246, -0.23206532, -0.04317313, -0.09353316],
       [ 0.21507058, -0.2609505 ,  0.00617015,  0.0218167 ,  0.29695305,
         0.0969716 , -0.30426294,  0.07522282, -0.08961919, -0.29661712,
        -0.11030762, -0.14430061, -0.28402388,  0.25304303,  0.02291369,
         0.3130419 ,  0.24981168,  0.24694559, -0.26639912,  0.09879094,
        -0.00159353,  0.14237729, -0.11660947,  0.02721292, -0.07852812,
         0.0682005 , -0.29616806, -0.18057558,  0.20355394,  0.21775755,
        -0.11595429, -0.12834065,  0.20126471,  0.01606545,  0.24488768,
         0.05301979, -0.2329601 , -0.03512943, -0.30544424, -0.04899999,
         0.28076807, -0.01251286, -0.15165234, -0.26231965,  0.29252532,
         0.00522649, -0.27410382,  0.28885385,  0.27896628,  0.1663616 ],
       [ 0.01675427,  0.07141125,  0.2071068 ,  0.04885012, -0.09421027,
         0.30871138,  0.21221122,  0.24758807, -0.20333622,  0.11308101,
         0.08131492, -0.18597233,  0.26525107, -0.01790833,  0.14193013,
         0.242627  ,  0.31450543, -0.21279658,  0.21664366,  0.20256212,
        -0.1540462 ,  0.02971262, -0.2817113 ,  0.02168235, -0.14314376,
         0.03580895,  0.17541617,  0.23666611, -0.15027344,  0.28553006,
         0.06102708,  0.08516964, -0.2812661 , -0.29849353, -0.119918  ,
         0.06082404, -0.29198012,  0.00137219,  0.04641002,  0.13419178,
         0.30267498, -0.27708343, -0.0708323 ,  0.1569289 , -0.12324502,
         0.08133656,  0.19980517, -0.3087012 , -0.29354915,  0.0229713 ],
       [ 0.11661196, -0.07369782,  0.01407894,  0.22427842,  0.15675896,
         0.1798132 , -0.27786413, -0.12799668,  0.12333375, -0.20270789,
         0.02534729, -0.2904193 ,  0.25933692,  0.18707713, -0.11379002,
         0.13191149,  0.11923334, -0.04685819,  0.19120458, -0.14345703,
        -0.12612993,  0.09866533, -0.15697686,  0.2557256 ,  0.12038612,
        -0.12099284,  0.28469703,  0.2947491 , -0.21488893, -0.08150914,
        -0.1684593 , -0.05907497, -0.2692291 , -0.18844369,  0.15070653,
        -0.14305751, -0.15892008,  0.03165984,  0.18240488,  0.05935401,
        -0.22128505, -0.28182402, -0.0967623 ,  0.00625768, -0.15682517,
         0.05095565, -0.26173702, -0.06900775, -0.04694986, -0.17087713],
       [ 0.04109269,  0.2965571 , -0.21436292, -0.2105867 , -0.30107653,
        -0.13497423,  0.04151398, -0.2972797 ,  0.06305572,  0.2803901 ,
         0.11193636,  0.3153973 ,  0.1160759 ,  0.24718902,  0.28854784,
         0.2636619 , -0.15725619,  0.08029652,  0.2755073 ,  0.20533946,
        -0.04453489, -0.21845329,  0.00221041, -0.24978495, -0.08833447,
        -0.05809379,  0.10718793, -0.11619359,  0.01354411, -0.00666985,
        -0.2162556 , -0.08856359, -0.28980482, -0.07882299, -0.08833499,
         0.18746981,  0.0400174 , -0.2428132 , -0.28364983,  0.09697166,
        -0.25626156, -0.18548633, -0.13877246, -0.23934263, -0.23720287,
        -0.22485769,  0.21350166,  0.22074392, -0.16036418, -0.27141714]],
      dtype=float32), array([0., 0., 0., 0., 0., 0., 0., 0., 0., 0., 0., 0., 0., 0., 0., 0., 0.,
       0., 0., 0., 0., 0., 0., 0., 0., 0., 0., 0., 0., 0., 0., 0., 0., 0.,
       0., 0., 0., 0., 0., 0., 0., 0., 0., 0., 0., 0., 0., 0., 0., 0.],
      dtype=float32), array([[ 0.1230693 , -0.05017036, -0.04384817, ...,  0.06485789,
        -0.00140516, -0.23818573],
       [ 0.02695049,  0.15485908, -0.05631556, ...,  0.21667634,
        -0.19585148, -0.06871156],
       [ 0.18539669,  0.04974316, -0.15991893, ..., -0.11559574,
         0.19871016, -0.21056645],
       ...,
       [-0.07024615, -0.2150075 , -0.2068808 , ...,  0.18795563,
        -0.0286563 , -0.13610642],
       [ 0.21120329,  0.01466946,  0.21560307, ...,  0.14115922,
         0.07234143,  0.03873457],
       [-0.23266071, -0.02638191, -0.02360404, ...,  0.03906052,
        -0.23235522,  0.12043877]], dtype=float32), array([0., 0., 0., 0., 0., 0., 0., 0., 0., 0., 0., 0., 0., 0., 0., 0., 0.,
       0., 0., 0., 0., 0., 0., 0., 0., 0., 0., 0., 0., 0., 0., 0., 0., 0.,
       0., 0., 0., 0., 0., 0., 0., 0., 0., 0., 0., 0., 0., 0., 0., 0.],
      dtype=float32), array([[ 0.11350903, -0.06368285,  0.2506286 ,  0.11094818, -0.15156795,
         0.31480962],
       [-0.1333338 , -0.04146659,  0.2635697 , -0.18321155,  0.19009084,
        -0.2555502 ],
       [-0.07187206, -0.05130169,  0.20141894,  0.09952855,  0.08719537,
         0.11801922],
       [ 0.27730864, -0.03481087,  0.23996639, -0.2507315 , -0.13302873,
         0.12051138],
       [-0.2136881 , -0.11373401, -0.27851045,  0.08065939,  0.22909993,
        -0.27745408],
       [ 0.11909446,  0.02416113,  0.11949646, -0.00753266,  0.11446485,
        -0.09187353],
       [-0.05476943,  0.2283845 , -0.3250905 , -0.11765783, -0.03977317,
        -0.03601652],
       [ 0.02383521,  0.00975487,  0.23685801,  0.05325159,  0.08694151,
         0.04976928],
       [ 0.04359585,  0.24711877,  0.06866622, -0.07219547, -0.2976039 ,
         0.20971984],
       [-0.3195467 , -0.15922461,  0.1904701 , -0.21026728, -0.04147103,
         0.21934873],
       [-0.17735606, -0.02662018,  0.07054442, -0.18880878,  0.01712152,
         0.29290915],
       [ 0.3185135 ,  0.09293097,  0.25673985,  0.16864726, -0.18424667,
         0.09591994],
       [-0.11740263, -0.09413843, -0.24949971,  0.2917503 ,  0.06446013,
         0.03361303],
       [ 0.02415684, -0.19088522, -0.20170183, -0.32498437, -0.05174619,
        -0.10909846],
       [-0.02921551, -0.12131637, -0.14693959,  0.31319815, -0.2820983 ,
         0.11308041],
       [ 0.17454207,  0.19103491, -0.15703174,  0.0228675 ,  0.03155705,
        -0.09590769],
       [ 0.04934505,  0.09709424,  0.06924045, -0.22219199,  0.11440063,
         0.13027507],
       [ 0.23134267,  0.05502814,  0.30494636, -0.02418408,  0.07037267,
         0.17238861],
       [ 0.05932015, -0.04423884,  0.06055951, -0.22556436,  0.04753864,
         0.01101771],
       [ 0.3234489 ,  0.06790081,  0.09859106,  0.1654028 ,  0.15887812,
        -0.25880045],
       [ 0.11262348,  0.13837305, -0.20137195,  0.19426674,  0.18815768,
        -0.309401  ],
       [ 0.30384576, -0.28588742,  0.00396612, -0.05758202, -0.30045208,
         0.2811396 ],
       [-0.0717383 , -0.03939423,  0.1754396 , -0.25180817, -0.01493818,
        -0.08344965],
       [-0.06621957,  0.23469645, -0.13887602,  0.25146616,  0.2619754 ,
        -0.03016713],
       [ 0.17611015, -0.00707206, -0.12594895, -0.0715141 ,  0.25396895,
         0.01848078],
       [-0.10240592, -0.18117023, -0.3080481 ,  0.09415278,  0.09313101,
        -0.10554019],
       [-0.32616356,  0.26840055,  0.12421599, -0.21436816,  0.07976753,
        -0.10180204],
       [ 0.10654661, -0.3012648 , -0.17265794, -0.10086624, -0.04810855,
        -0.24927433],
       [ 0.30355465, -0.00152194,  0.05879226,  0.25247025, -0.26297718,
         0.16895646],
       [ 0.17001063,  0.19429696,  0.25001985,  0.16103235, -0.05057061,
         0.10224038],
       [ 0.16601813,  0.22066897, -0.22199321, -0.28983486,  0.08660898,
         0.05244654],
       [-0.22918265, -0.19412969, -0.3099263 ,  0.14373842, -0.11345306,
         0.09036845],
       [-0.16801225, -0.2496281 , -0.08089857,  0.05188572, -0.02730983,
        -0.05625033],
       [ 0.1025624 , -0.13654533,  0.23715234,  0.08950359,  0.31310165,
        -0.20617285],
       [ 0.01571405,  0.1284649 ,  0.26293987, -0.22430564,  0.09118989,
        -0.12225762],
       [-0.2747043 ,  0.04362068,  0.23618698,  0.17477703,  0.16725984,
         0.2566368 ],
       [ 0.22646075,  0.2709208 , -0.17755772,  0.21927148, -0.3060456 ,
         0.03986341],
       [-0.18863943,  0.10456789, -0.04638028, -0.10380284, -0.22928293,
        -0.10124154],
       [ 0.05467844,  0.16067913,  0.25971216, -0.18098879, -0.28625083,
         0.12795591],
       [ 0.29786736,  0.2734303 ,  0.1613122 ,  0.30283356,  0.30283433,
        -0.25635558],
       [ 0.05278608,  0.0315128 , -0.01142392,  0.09030664, -0.14566861,
         0.14502391],
       [-0.15141608,  0.19759274, -0.01781735, -0.16973093,  0.01588935,
        -0.09527603],
       [-0.0813843 ,  0.11896047, -0.1028555 ,  0.17245644, -0.32686055,
        -0.26687565],
       [-0.28531763,  0.12040323, -0.09416512,  0.02326936, -0.0415771 ,
         0.08211717],
       [ 0.08730501, -0.18779348, -0.2276795 , -0.01186627, -0.18751246,
        -0.23838936],
       [ 0.20553279, -0.12946   , -0.0508278 ,  0.14220563, -0.02219489,
         0.05348754],
       [ 0.12766537, -0.05833355,  0.00459847, -0.17703836, -0.10544826,
         0.18066329],
       [ 0.23682284,  0.26851022,  0.21507007,  0.12090775, -0.17917667,
        -0.29952973],
       [-0.06572244,  0.32688284, -0.09695618, -0.14423336,  0.31489444,
        -0.2111656 ],
       [-0.0776964 ,  0.0084779 , -0.29620954, -0.05936906,  0.32062095,
        -0.2860598 ]], dtype=float32), array([0., 0., 0., 0., 0., 0.], dtype=float32)] 
