[taxi-dqn.py -             <module>:22] : 


Hey, Welcome Amitabh !


 
[taxi-dqn.py -             <module>:28] : Observation space      : Discrete(500) 
[taxi-dqn.py -             <module>:29] : Number of states       : 500 
[taxi-dqn.py -             <module>:30] : Action space           : Discrete(6) 
[taxi-dqn.py -             <module>:31] : Number of action space : 6 
[taxi-dqn.py -  build_compile_model:69] : <bound method Model.summary of <keras.engine.sequential.Sequential object at 0x0000023B842F0220>> 
[taxi-dqn.py -  build_compile_model:69] : <bound method Model.summary of <keras.engine.sequential.Sequential object at 0x0000023B8A9AC640>> 
[taxi-dqn.py -   align_target_model:76] : Weights of the network : [array([[-0.00267202, -0.02211745,  0.04137038, ..., -0.00903909,
        -0.02161467,  0.01220205],
       [-0.00658361,  0.02895084, -0.0095029 , ..., -0.02311656,
        -0.00847949,  0.0366484 ],
       [-0.01260208,  0.00987227, -0.03042281, ...,  0.00521126,
        -0.02280745,  0.04233119],
       ...,
       [ 0.04891535, -0.00491778,  0.03168774, ...,  0.03305397,
        -0.03901298, -0.04671806],
       [-0.03007094, -0.02662171,  0.02690977, ..., -0.01557125,
         0.02954496, -0.04772243],
       [ 0.04295004,  0.03975239,  0.04240808, ..., -0.00885631,
         0.01091479, -0.04822819]], dtype=float32), array([[-0.0728932 , -0.13385175,  0.3056524 , -0.05990618, -0.02935344,
         0.10618806,  0.00381231,  0.07023111, -0.26927564, -0.29784527,
        -0.01635626,  0.23723236,  0.21681532,  0.21929446,  0.24635795,
         0.02467045,  0.19006935, -0.16415924, -0.18190095,  0.13482466,
        -0.2010327 , -0.06183183, -0.0805885 , -0.08806886,  0.08188325,
        -0.13700671, -0.06802815, -0.18358006, -0.19169176, -0.21796805,
         0.09244424, -0.09725644,  0.19926748,  0.27357236,  0.12943521,
        -0.26833102,  0.06369922, -0.16787846,  0.310025  , -0.30418053,
        -0.19778281,  0.08580604,  0.10167032, -0.31617114, -0.16825528,
        -0.08086227, -0.05639634,  0.12958607,  0.20962593,  0.02955377],
       [ 0.05282521, -0.10278346,  0.16344872, -0.20167536, -0.16088139,
         0.05497742,  0.04496676,  0.15366024,  0.1302608 , -0.10258223,
        -0.16839725,  0.07247981,  0.29068825, -0.06846431, -0.20372993,
         0.03810886,  0.02427185, -0.12700005,  0.07030243,  0.03676918,
        -0.25648367, -0.06227651,  0.26905987,  0.05700251,  0.29647806,
         0.2753214 , -0.15156993,  0.08282623, -0.03206283, -0.12442231,
        -0.02089071,  0.13345608, -0.22784746,  0.22059909, -0.2413688 ,
        -0.22788915, -0.2695341 , -0.09351189,  0.07597882, -0.0383594 ,
        -0.09652941, -0.00131723, -0.04413372, -0.03659931, -0.23815826,
         0.29829594,  0.14907098,  0.09394315,  0.310281  , -0.2529549 ],
       [ 0.250411  , -0.3053546 , -0.08838393,  0.10699463, -0.03993756,
         0.07723263,  0.049674  , -0.200058  ,  0.10420471,  0.2007992 ,
         0.1703876 ,  0.08728775,  0.11919436,  0.30221614,  0.29630896,
         0.1742034 , -0.07113953,  0.00263074,  0.11786622, -0.05933416,
        -0.0339219 ,  0.2144002 ,  0.20113614,  0.09772736, -0.16256458,
         0.22042999, -0.06663154,  0.11398891,  0.21419373,  0.18061614,
        -0.20188683, -0.105781  , -0.16184117,  0.1925492 ,  0.1947656 ,
        -0.24676546,  0.02078161, -0.11300305, -0.0320996 , -0.19088693,
         0.01783556, -0.14307447, -0.1381457 , -0.2873668 , -0.20825972,
         0.28436062, -0.20383716, -0.03976098, -0.15396221, -0.20087595],
       [ 0.05419001,  0.03100798,  0.03259301, -0.2945295 ,  0.02464575,
        -0.2640869 ,  0.25484   ,  0.03581077, -0.06247437,  0.09419897,
        -0.18637387,  0.1394636 , -0.14587644, -0.16061012, -0.31592822,
        -0.18167642,  0.13607559, -0.1703756 , -0.28840816,  0.0829899 ,
        -0.20008762, -0.1729354 , -0.18703856, -0.20234267,  0.21889088,
         0.13732535, -0.03000832, -0.00963309, -0.03668505,  0.29427484,
        -0.12058337,  0.27730688,  0.24512026, -0.07242794, -0.24369547,
         0.17904976,  0.006071  ,  0.12871587,  0.10441795, -0.07361232,
         0.22941807, -0.27217925,  0.08962825, -0.27512333,  0.17904282,
        -0.25863922, -0.12317649,  0.26279715,  0.04541823, -0.11478786],
       [ 0.28920463, -0.1890053 , -0.12111866,  0.24509904,  0.28817502,
         0.19263354, -0.28809547,  0.13310474, -0.00685525, -0.1938096 ,
        -0.07999484, -0.2893337 , -0.280242  ,  0.20213196, -0.2513809 ,
        -0.07184342,  0.2109479 , -0.16644612,  0.24161962,  0.19423589,
        -0.16458666, -0.05482376, -0.00100508, -0.16094261, -0.01003692,
         0.06142214, -0.05638519,  0.17085579, -0.03240708,  0.20266762,
         0.09854183,  0.17310655, -0.17560753, -0.01280206, -0.11396953,
         0.28803834, -0.09617844, -0.25897485,  0.12754273, -0.12297812,
        -0.3050276 ,  0.18837121,  0.19711068,  0.13946   ,  0.2957348 ,
        -0.18202007, -0.23726574,  0.01062256, -0.16465458,  0.04605055],
       [-0.03516349, -0.06422916, -0.09785417, -0.17154211,  0.06886178,
         0.06722587, -0.16292255, -0.30895928,  0.25679138,  0.24821714,
        -0.2433997 , -0.17768224,  0.22388247,  0.22683325,  0.06292227,
        -0.07884885, -0.23111415,  0.05999094,  0.18953487, -0.26781064,
         0.2735016 ,  0.16595078,  0.1932483 , -0.15952407,  0.06856683,
        -0.264276  ,  0.23259488, -0.20675695, -0.20459607, -0.11039463,
         0.23751411, -0.15286507, -0.09147835,  0.2780986 ,  0.31443194,
        -0.17071457,  0.31565627, -0.24366727, -0.08245173, -0.02833116,
        -0.2491554 ,  0.14284459,  0.15135068,  0.05056956, -0.03276566,
         0.03492713,  0.1468828 , -0.29517746,  0.13393822,  0.30058447],
       [-0.26871055, -0.20878522,  0.13023439, -0.24142706,  0.25065264,
        -0.25238636,  0.07474506, -0.06542492, -0.15330552,  0.07270893,
         0.06099075,  0.04476094,  0.03287521, -0.12710191, -0.03795987,
         0.06088179,  0.31295308, -0.1677622 , -0.0007422 ,  0.0131152 ,
         0.06237093,  0.1866881 ,  0.16752931, -0.30462757, -0.17053649,
         0.21505406, -0.01290771,  0.06825289, -0.16051745,  0.0489758 ,
        -0.09655489,  0.23643324, -0.17186767,  0.234234  , -0.00121844,
        -0.13874584,  0.1261465 ,  0.07744175,  0.17467114, -0.08060043,
        -0.25915104, -0.02799234, -0.30545983,  0.2987539 ,  0.28570756,
        -0.25501868, -0.2691823 ,  0.02559993,  0.03792256,  0.18504205],
       [-0.3117182 ,  0.04930314,  0.05135751,  0.07658619, -0.30338475,
        -0.23637141,  0.10743049, -0.2569944 , -0.28379077, -0.09285226,
        -0.09015751, -0.20990528,  0.20509633,  0.23020503, -0.1451617 ,
         0.13273442, -0.05481502, -0.19824007,  0.13771099,  0.16788736,
         0.19258246, -0.13670363,  0.26405916,  0.21580353, -0.26913783,
         0.00306502,  0.15767425,  0.27920553,  0.00804475,  0.3006499 ,
         0.00522077, -0.24356338,  0.13114873,  0.17363861, -0.08673181,
         0.17009693, -0.1004699 , -0.04236165,  0.20979437, -0.12257145,
         0.04085791, -0.25020716,  0.13398829,  0.22083351,  0.17653239,
         0.1951389 ,  0.07930273, -0.0127618 ,  0.07546672, -0.08544128],
       [ 0.29770157, -0.04310405,  0.16999373,  0.05098355, -0.22679321,
        -0.15223657,  0.14084491, -0.25922078, -0.0327833 ,  0.10312536,
        -0.290389  ,  0.1540991 ,  0.07161775,  0.04206535,  0.09558132,
        -0.15506184,  0.05863655, -0.23078656, -0.09395249, -0.19479531,
         0.24237028, -0.14082976, -0.06333393,  0.30472514,  0.15763897,
        -0.29880401, -0.2066027 ,  0.3157759 , -0.30323216, -0.00777417,
        -0.01418608, -0.30583206, -0.17446885, -0.2022115 ,  0.07658377,
        -0.07998195, -0.14656849, -0.16218549,  0.2416828 ,  0.10225722,
        -0.27649927, -0.30138227, -0.29686123, -0.28633985, -0.30394304,
         0.24889037, -0.10215203, -0.06490764,  0.1474953 , -0.09270185],
       [ 0.21626464,  0.1115593 ,  0.12434036,  0.11225507,  0.13570836,
        -0.02032697, -0.18869121, -0.24422428,  0.00842246, -0.15774596,
         0.301154  , -0.31558314, -0.17508964, -0.02396008, -0.21049744,
        -0.03945374,  0.05676985, -0.2604921 ,  0.01096192,  0.01553816,
         0.24450448, -0.09195846,  0.1774419 ,  0.27692237,  0.28628775,
         0.1672351 ,  0.16989663,  0.08001   ,  0.22019741,  0.06821725,
         0.1446402 , -0.09115951,  0.27669576,  0.07646775,  0.27097818,
         0.01870072,  0.14609638,  0.00346944,  0.01941305, -0.08242105,
        -0.23388219, -0.02626333,  0.26650295,  0.22364423,  0.20784476,
         0.16567868,  0.0635654 ,  0.18673125,  0.20572457,  0.0573571 ]],
      dtype=float32), array([0., 0., 0., 0., 0., 0., 0., 0., 0., 0., 0., 0., 0., 0., 0., 0., 0.,
       0., 0., 0., 0., 0., 0., 0., 0., 0., 0., 0., 0., 0., 0., 0., 0., 0.,
       0., 0., 0., 0., 0., 0., 0., 0., 0., 0., 0., 0., 0., 0., 0., 0.],
      dtype=float32), array([[-0.15272361, -0.16724429,  0.16300349, ...,  0.09675075,
        -0.23544747, -0.0379241 ],
       [-0.01114647,  0.07313697, -0.12092641, ..., -0.10560705,
         0.19040276,  0.12750883],
       [ 0.15001605, -0.06625436, -0.04200418, ...,  0.05263884,
        -0.09980585,  0.0067132 ],
       ...,
       [-0.0050392 , -0.15919635,  0.24455939, ...,  0.15376975,
         0.1635362 , -0.11603397],
       [-0.0552741 ,  0.16764362,  0.20922212, ..., -0.23692703,
        -0.16761109,  0.18529736],
       [ 0.1999081 , -0.02601136,  0.12582947, ...,  0.20336615,
        -0.02220716, -0.19522898]], dtype=float32), array([0., 0., 0., 0., 0., 0., 0., 0., 0., 0., 0., 0., 0., 0., 0., 0., 0.,
       0., 0., 0., 0., 0., 0., 0., 0., 0., 0., 0., 0., 0., 0., 0., 0., 0.,
       0., 0., 0., 0., 0., 0., 0., 0., 0., 0., 0., 0., 0., 0., 0., 0.],
      dtype=float32), array([[ 0.11982924, -0.10557851,  0.11647323,  0.19654924,  0.13833052,
         0.2734958 ],
       [-0.09442843,  0.06374592,  0.21836507,  0.20072961,  0.18010503,
        -0.22184157],
       [-0.01638192,  0.03402835,  0.29952472,  0.15794364,  0.32731748,
         0.02418172],
       [ 0.3124686 ,  0.2025423 ,  0.30037928,  0.3194818 , -0.31967548,
         0.20009285],
       [ 0.06117135, -0.11305903,  0.21628714, -0.05102137,  0.1182293 ,
        -0.08717422],
       [-0.19664268,  0.19660538,  0.30144453, -0.22747761,  0.26597446,
         0.06602344],
       [ 0.25052387, -0.19630429, -0.23886096,  0.20959681,  0.15612757,
        -0.24007261],
       [ 0.11753178, -0.19013666,  0.31160998, -0.29266924, -0.24113795,
         0.0960367 ],
       [ 0.29470962,  0.28553402, -0.2942569 , -0.07716075,  0.0914703 ,
        -0.18302026],
       [-0.03405818, -0.25127655,  0.19027478, -0.24374436, -0.13290706,
         0.28115863],
       [ 0.24819964,  0.12344408, -0.19184364,  0.04121178,  0.04520226,
         0.30297458],
       [-0.20398265,  0.117643  , -0.25817615,  0.13356611, -0.11126846,
         0.28369343],
       [-0.25740805,  0.10209554,  0.23594934,  0.0862723 ,  0.09375399,
        -0.25853854],
       [-0.16356798,  0.21126384, -0.13378355, -0.14951946, -0.2438626 ,
         0.16712788],
       [-0.14306158, -0.24452594, -0.2012904 , -0.22688028,  0.10202095,
         0.16767853],
       [ 0.1845122 , -0.18102343, -0.0059948 ,  0.02574715, -0.13964012,
         0.3257447 ],
       [ 0.05792734, -0.2466211 , -0.26025367,  0.27995062, -0.27791756,
        -0.3020292 ],
       [-0.16227585, -0.10519275, -0.09702072, -0.14397919,  0.31752962,
        -0.27838424],
       [ 0.25342298, -0.1593114 ,  0.17927182, -0.23787734,  0.04609361,
        -0.06041145],
       [-0.10340594, -0.15187418, -0.04986909,  0.2852683 , -0.31973618,
         0.17469567],
       [ 0.01176512,  0.2803167 , -0.02914396,  0.05756336,  0.27289402,
         0.27919245],
       [ 0.31733912, -0.1356854 , -0.24203347,  0.06040239, -0.08482839,
         0.19213814],
       [ 0.13839465,  0.32061917,  0.10225359, -0.22128414,  0.19109762,
         0.17015281],
       [-0.11550163,  0.14965612,  0.16475943, -0.02872533, -0.1424716 ,
         0.09209219],
       [ 0.26282525,  0.14257172, -0.21849129,  0.10951263, -0.23711541,
        -0.27983776],
       [-0.22507614, -0.20302407, -0.11831188,  0.12078312,  0.01224217,
         0.03987181],
       [ 0.21897304, -0.0449124 , -0.07589537,  0.06454706, -0.13654979,
        -0.30042297],
       [ 0.1988104 ,  0.29967177, -0.18232055, -0.16029136,  0.31941694,
         0.13188615],
       [ 0.16413721,  0.07948455, -0.30739015, -0.04960352,  0.21198744,
         0.14638013],
       [-0.02280018, -0.27844793, -0.2768147 ,  0.25523812, -0.22990054,
        -0.10190021],
       [-0.31794858,  0.13365144, -0.31667686, -0.23949082, -0.1660329 ,
        -0.2720254 ],
       [-0.13413075, -0.29726598,  0.19773781,  0.31963468, -0.00420779,
         0.2148971 ],
       [-0.32329687,  0.1533046 , -0.03372449, -0.02671242,  0.282319  ,
         0.24811935],
       [-0.23045447,  0.2270444 , -0.05211189,  0.20734864,  0.15633649,
         0.08782688],
       [-0.14579216, -0.31885925, -0.1965634 , -0.03554016,  0.19453776,
        -0.28054607],
       [ 0.22539175,  0.00156119, -0.23528567, -0.01514   ,  0.23655987,
        -0.19636299],
       [-0.21647403,  0.27523178, -0.12462428, -0.31677565, -0.1225726 ,
        -0.298341  ],
       [-0.15582211, -0.20240825,  0.01585078,  0.22762567, -0.24195817,
         0.13723856],
       [ 0.15627116, -0.10304843,  0.2703117 ,  0.13348794, -0.25721163,
        -0.06903756],
       [ 0.04009697, -0.2903064 , -0.23161143, -0.23584443, -0.27439544,
         0.2295388 ],
       [ 0.26469982,  0.05079612, -0.31241074,  0.0618372 ,  0.301605  ,
         0.15210417],
       [-0.23240066,  0.09145555, -0.22654456,  0.21481407, -0.2532537 ,
         0.12606016],
       [ 0.32274008,  0.019115  , -0.15353356, -0.16481663, -0.2629375 ,
         0.09353182],
       [ 0.20420092,  0.10627455, -0.13554509,  0.15740758, -0.18193136,
        -0.22428402],
       [ 0.11304718, -0.03147244,  0.2059282 , -0.15330896, -0.27046373,
        -0.30769902],
       [ 0.2863977 , -0.214802  , -0.13929291, -0.16216011,  0.2597794 ,
        -0.21263129],
       [ 0.29639983, -0.11485335, -0.27562356, -0.2717634 ,  0.24468094,
         0.21042007],
       [ 0.13419458, -0.20893995, -0.24153486, -0.27473068,  0.2141375 ,
         0.32657707],
       [ 0.3064927 , -0.16060953,  0.2663328 , -0.19393942,  0.05581164,
         0.29519415],
       [ 0.08866489, -0.2939516 , -0.1877046 , -0.18186417,  0.3092391 ,
        -0.15203284]], dtype=float32), array([0., 0., 0., 0., 0., 0.], dtype=float32)] 
[taxi-dqn.py -                  act:83] : In ACT : state value : [[243]] 
[functional.py - _conform_to_reference_input:678] : Tensore receied : Tensor("IteratorGetNext:0", shape=(None, 1), dtype=int32) 
[functional.py - _conform_to_reference_input:679] : REf input receied : KerasTensor(type_spec=TensorSpec(shape=(None, 1), dtype=tf.float32, name='embedding_input'), name='embedding_input', description="created by layer 'embedding_input'") 
[taxi-dqn.py -                  act:85] : In ACT : qvalue value : [[ 0.01479432 -0.00103773  0.00469739 -0.01479825  0.00878231  0.01039843]] 
[taxi-dqn.py -                  act:86] : In ACT : qvalue value npmax: 0 
[taxi-dqn.py -                  act:83] : In ACT : state value : [[343]] 
[taxi-dqn.py -                  act:85] : In ACT : qvalue value : [[ 0.0021795  -0.01067402  0.01158564 -0.01111635  0.00577843 -0.01211501]] 
[taxi-dqn.py -                  act:86] : In ACT : qvalue value npmax: 2 
[taxi-dqn.py -                  act:83] : In ACT : state value : [[343]] 
[taxi-dqn.py -                  act:85] : In ACT : qvalue value : [[ 0.0021795  -0.01067402  0.01158564 -0.01111635  0.00577843 -0.01211501]] 
[taxi-dqn.py -                  act:86] : In ACT : qvalue value npmax: 2 
[taxi-dqn.py -                  act:83] : In ACT : state value : [[343]] 
[taxi-dqn.py -                  act:85] : In ACT : qvalue value : [[ 0.0021795  -0.01067402  0.01158564 -0.01111635  0.00577843 -0.01211501]] 
[taxi-dqn.py -                  act:86] : In ACT : qvalue value npmax: 2 
[taxi-dqn.py -                  act:83] : In ACT : state value : [[343]] 
[taxi-dqn.py -                  act:85] : In ACT : qvalue value : [[ 0.0021795  -0.01067402  0.01158564 -0.01111635  0.00577843 -0.01211501]] 
[taxi-dqn.py -                  act:86] : In ACT : qvalue value npmax: 2 
[taxi-dqn.py -                  act:83] : In ACT : state value : [[343]] 
[taxi-dqn.py -                  act:85] : In ACT : qvalue value : [[ 0.0021795  -0.01067402  0.01158564 -0.01111635  0.00577843 -0.01211501]] 
[taxi-dqn.py -                  act:86] : In ACT : qvalue value npmax: 2 
[taxi-dqn.py -                  act:83] : In ACT : state value : [[343]] 
[taxi-dqn.py -                  act:85] : In ACT : qvalue value : [[ 0.0021795  -0.01067402  0.01158564 -0.01111635  0.00577843 -0.01211501]] 
[taxi-dqn.py -                  act:86] : In ACT : qvalue value npmax: 2 
[taxi-dqn.py -                  act:83] : In ACT : state value : [[343]] 
[taxi-dqn.py -                  act:85] : In ACT : qvalue value : [[ 0.0021795  -0.01067402  0.01158564 -0.01111635  0.00577843 -0.01211501]] 
[taxi-dqn.py -                  act:86] : In ACT : qvalue value npmax: 2 
[taxi-dqn.py -                  act:83] : In ACT : state value : [[343]] 
[taxi-dqn.py -                  act:85] : In ACT : qvalue value : [[ 0.0021795  -0.01067402  0.01158564 -0.01111635  0.00577843 -0.01211501]] 
[taxi-dqn.py -                  act:86] : In ACT : qvalue value npmax: 2 
[taxi-dqn.py -                  act:83] : In ACT : state value : [[343]] 
[taxi-dqn.py -                  act:85] : In ACT : qvalue value : [[ 0.0021795  -0.01067402  0.01158564 -0.01111635  0.00577843 -0.01211501]] 
[taxi-dqn.py -                  act:86] : In ACT : qvalue value npmax: 2 
[taxi-dqn.py -                  act:83] : In ACT : state value : [[343]] 
[taxi-dqn.py -                  act:85] : In ACT : qvalue value : [[ 0.0021795  -0.01067402  0.01158564 -0.01111635  0.00577843 -0.01211501]] 
[taxi-dqn.py -                  act:86] : In ACT : qvalue value npmax: 2 
[taxi-dqn.py -                  act:83] : In ACT : state value : [[343]] 
[taxi-dqn.py -                  act:85] : In ACT : qvalue value : [[ 0.0021795  -0.01067402  0.01158564 -0.01111635  0.00577843 -0.01211501]] 
[taxi-dqn.py -                  act:86] : In ACT : qvalue value npmax: 2 
[taxi-dqn.py -                  act:83] : In ACT : state value : [[343]] 
[taxi-dqn.py -                  act:85] : In ACT : qvalue value : [[ 0.0021795  -0.01067402  0.01158564 -0.01111635  0.00577843 -0.01211501]] 
[taxi-dqn.py -                  act:86] : In ACT : qvalue value npmax: 2 
[taxi-dqn.py -                  act:83] : In ACT : state value : [[343]] 
[taxi-dqn.py -                  act:85] : In ACT : qvalue value : [[ 0.0021795  -0.01067402  0.01158564 -0.01111635  0.00577843 -0.01211501]] 
[taxi-dqn.py -                  act:86] : In ACT : qvalue value npmax: 2 
[taxi-dqn.py -                  act:83] : In ACT : state value : [[343]] 
[taxi-dqn.py -                  act:85] : In ACT : qvalue value : [[ 0.0021795  -0.01067402  0.01158564 -0.01111635  0.00577843 -0.01211501]] 
[taxi-dqn.py -                  act:86] : In ACT : qvalue value npmax: 2 
[taxi-dqn.py -                  act:83] : In ACT : state value : [[343]] 
[taxi-dqn.py -                  act:85] : In ACT : qvalue value : [[ 0.0021795  -0.01067402  0.01158564 -0.01111635  0.00577843 -0.01211501]] 
[taxi-dqn.py -                  act:86] : In ACT : qvalue value npmax: 2 
[taxi-dqn.py -                  act:83] : In ACT : state value : [[343]] 
[taxi-dqn.py -                  act:85] : In ACT : qvalue value : [[ 0.0021795  -0.01067402  0.01158564 -0.01111635  0.00577843 -0.01211501]] 
[taxi-dqn.py -                  act:86] : In ACT : qvalue value npmax: 2 
[taxi-dqn.py -                  act:83] : In ACT : state value : [[343]] 
[taxi-dqn.py -                  act:85] : In ACT : qvalue value : [[ 0.0021795  -0.01067402  0.01158564 -0.01111635  0.00577843 -0.01211501]] 
[taxi-dqn.py -                  act:86] : In ACT : qvalue value npmax: 2 
[taxi-dqn.py -                  act:83] : In ACT : state value : [[323]] 
[taxi-dqn.py -                  act:85] : In ACT : qvalue value : [[ 0.01272602 -0.01678107  0.00853092 -0.02240569  0.01119777 -0.00301962]] 
[taxi-dqn.py -                  act:86] : In ACT : qvalue value npmax: 0 
[taxi-dqn.py -                  act:83] : In ACT : state value : [[423]] 
[taxi-dqn.py -                  act:85] : In ACT : qvalue value : [[ 0.00482084 -0.00844063  0.00328383 -0.02081102 -0.00420086 -0.00898019]] 
[taxi-dqn.py -                  act:86] : In ACT : qvalue value npmax: 0 
[taxi-dqn.py -                  act:83] : In ACT : state value : [[423]] 
[taxi-dqn.py -                  act:85] : In ACT : qvalue value : [[ 0.00482084 -0.00844063  0.00328383 -0.02081102 -0.00420086 -0.00898019]] 
[taxi-dqn.py -                  act:86] : In ACT : qvalue value npmax: 0 
[taxi-dqn.py -                  act:83] : In ACT : state value : [[423]] 
[taxi-dqn.py -                  act:85] : In ACT : qvalue value : [[ 0.00482084 -0.00844063  0.00328383 -0.02081102 -0.00420086 -0.00898019]] 
[taxi-dqn.py -                  act:86] : In ACT : qvalue value npmax: 0 
[taxi-dqn.py -                  act:83] : In ACT : state value : [[423]] 
[taxi-dqn.py -                  act:85] : In ACT : qvalue value : [[ 0.00482084 -0.00844063  0.00328383 -0.02081102 -0.00420086 -0.00898019]] 
[taxi-dqn.py -                  act:86] : In ACT : qvalue value npmax: 0 
[taxi-dqn.py -                  act:83] : In ACT : state value : [[423]] 
[taxi-dqn.py -                  act:85] : In ACT : qvalue value : [[ 0.00482084 -0.00844063  0.00328383 -0.02081102 -0.00420086 -0.00898019]] 
[taxi-dqn.py -                  act:86] : In ACT : qvalue value npmax: 0 
[taxi-dqn.py -                  act:83] : In ACT : state value : [[423]] 
[taxi-dqn.py -                  act:85] : In ACT : qvalue value : [[ 0.00482084 -0.00844063  0.00328383 -0.02081102 -0.00420086 -0.00898019]] 
[taxi-dqn.py -                  act:86] : In ACT : qvalue value npmax: 0 
[taxi-dqn.py -                  act:83] : In ACT : state value : [[423]] 
[taxi-dqn.py -                  act:85] : In ACT : qvalue value : [[ 0.00482084 -0.00844063  0.00328383 -0.02081102 -0.00420086 -0.00898019]] 
[taxi-dqn.py -                  act:86] : In ACT : qvalue value npmax: 0 
[taxi-dqn.py -                  act:83] : In ACT : state value : [[423]] 
[taxi-dqn.py -                  act:85] : In ACT : qvalue value : [[ 0.00482084 -0.00844063  0.00328383 -0.02081102 -0.00420086 -0.00898019]] 
[taxi-dqn.py -                  act:86] : In ACT : qvalue value npmax: 0 
[taxi-dqn.py -                  act:83] : In ACT : state value : [[423]] 
[taxi-dqn.py -                  act:85] : In ACT : qvalue value : [[ 0.00482084 -0.00844063  0.00328383 -0.02081102 -0.00420086 -0.00898019]] 
[taxi-dqn.py -                  act:86] : In ACT : qvalue value npmax: 0 
[taxi-dqn.py -                  act:83] : In ACT : state value : [[423]] 
[taxi-dqn.py -                  act:85] : In ACT : qvalue value : [[ 0.00482084 -0.00844063  0.00328383 -0.02081102 -0.00420086 -0.00898019]] 
[taxi-dqn.py -                  act:86] : In ACT : qvalue value npmax: 0 
[taxi-dqn.py -                  act:83] : In ACT : state value : [[423]] 
[taxi-dqn.py -                  act:85] : In ACT : qvalue value : [[ 0.00482084 -0.00844063  0.00328383 -0.02081102 -0.00420086 -0.00898019]] 
[taxi-dqn.py -                  act:86] : In ACT : qvalue value npmax: 0 
[taxi-dqn.py -                  act:83] : In ACT : state value : [[423]] 
[taxi-dqn.py -                  act:85] : In ACT : qvalue value : [[ 0.00482084 -0.00844063  0.00328383 -0.02081102 -0.00420086 -0.00898019]] 
[taxi-dqn.py -                  act:86] : In ACT : qvalue value npmax: 0 
[functional.py - _conform_to_reference_input:678] : Tensore receied : Tensor("IteratorGetNext:0", shape=(None, 1), dtype=int32) 
[functional.py - _conform_to_reference_input:679] : REf input receied : KerasTensor(type_spec=TensorSpec(shape=(None, 1), dtype=tf.float32, name='embedding_1_input'), name='embedding_1_input', description="created by layer 'embedding_1_input'") 
[taxi-dqn.py -              retrain:102] : Target Network data at target.predict : [[ 0.0021795  -0.01067402  0.01158564 -0.9923644   0.00577843 -0.01211501]]  : Action chosend : -0.9923644065856934 
[functional.py - _conform_to_reference_input:678] : Tensore receied : Tensor("IteratorGetNext:0", shape=(None, 1), dtype=int32) 
[functional.py - _conform_to_reference_input:679] : REf input receied : KerasTensor(type_spec=TensorSpec(shape=(None, 1), dtype=tf.float32, name='embedding_input'), name='embedding_input', description="created by layer 'embedding_input'") 
[functional.py - _conform_to_reference_input:678] : Tensore receied : Tensor("IteratorGetNext:0", shape=(None, 1), dtype=int32) 
[functional.py - _conform_to_reference_input:679] : REf input receied : KerasTensor(type_spec=TensorSpec(shape=(None, 1), dtype=tf.float32, name='embedding_input'), name='embedding_input', description="created by layer 'embedding_input'") 
[taxi-dqn.py -              retrain:102] : Target Network data at target.predict : [[-0.9971075  -0.02549328 -0.00171016 -0.06058468  0.0050387  -0.01107461]]  : Action chosend : -0.9971075057983398 
[taxi-dqn.py -              retrain:102] : Target Network data at target.predict : [[-9.9710751e-01 -3.7616197e-02 -7.7419588e-04 -9.4078079e-02
   2.2852240e-02 -2.8567480e-02]]  : Action chosend : -0.9971075057983398 
[taxi-dqn.py -              retrain:102] : Target Network data at target.predict : [[-0.9971075  -0.04044066 -0.03262182 -0.09128769  0.01597866 -0.03777147]]  : Action chosend : -0.9971075057983398 
[taxi-dqn.py -              retrain:102] : Target Network data at target.predict : [[-0.9971075  -0.04814089 -0.05757907 -0.11435591  0.02422724 -0.05729264]]  : Action chosend : -0.9971075057983398 
[taxi-dqn.py -              retrain:102] : Target Network data at target.predict : [[-0.24661016 -0.07439117 -0.9930486  -0.17691235  0.06289089 -0.06633194]]  : Action chosend : -0.9930486083030701 
[taxi-dqn.py -              retrain:102] : Target Network data at target.predict : [[-0.3337046  -0.08976026 -0.9930486  -0.2029259   0.07958913 -0.09198813]]  : Action chosend : -0.9930486083030701 
[taxi-dqn.py -              retrain:102] : Target Network data at target.predict : [[-0.9971075  -0.1044735  -0.19205981 -0.20177421  0.08979815 -0.12516673]]  : Action chosend : -0.9971075057983398 
[taxi-dqn.py -              retrain:102] : Target Network data at target.predict : [[-0.53111255 -0.14521652 -0.9930486  -0.28036726  0.13121761 -0.14809248]]  : Action chosend : -0.9930486083030701 
[taxi-dqn.py -              retrain:102] : Target Network data at target.predict : [[-0.6506449  -0.18395582 -0.9930486  -0.33276913  0.16127062 -0.17559214]]  : Action chosend : -0.9930486083030701 
[taxi-dqn.py -              retrain:102] : Target Network data at target.predict : [[-0.78522277 -0.23259416 -0.9930486  -0.39896992  0.19092092 -0.20876493]]  : Action chosend : -0.9930486083030701 
[taxi-dqn.py -              retrain:102] : Target Network data at target.predict : [[-0.9391889  -0.291846   -0.9930486  -0.47872034  0.2220487  -0.24741566]]  : Action chosend : -0.9930486083030701 
[taxi-dqn.py -              retrain:102] : Target Network data at target.predict : [[-1.1156192  -0.36072877 -0.9930486  -0.56818265  0.25866914 -0.29215845]]  : Action chosend : -0.9930486083030701 
[taxi-dqn.py -              retrain:102] : Target Network data at target.predict : [[-1.3094249  -0.43604612 -1.0680952  -0.6633724  -9.993049   -0.34238097]]  : Action chosend : -9.993048667907715 
[taxi-dqn.py -              retrain:102] : Target Network data at target.predict : [[-1.3524691  -0.42128104 -0.9930486  -0.6450286   0.20117249 -0.3556319 ]]  : Action chosend : -0.9930486083030701 
[taxi-dqn.py -              retrain:102] : Target Network data at target.predict : [[-0.9971075  -0.3756471  -1.1000457  -0.5603484   0.08293556 -0.35029873]]  : Action chosend : -0.9971075057983398 
[taxi-dqn.py -              retrain:102] : Target Network data at target.predict : [[-0.9971075  -0.3582179  -1.1173421  -0.5386104   0.01217167 -0.34949902]]  : Action chosend : -0.9971075057983398 
[taxi-dqn.py -              retrain:102] : Target Network data at target.predict : [[-0.9971075  -0.33599088 -1.1110399  -0.5090398  -0.04708417 -0.34374022]]  : Action chosend : -0.9971075057983398 
[taxi-dqn.py -              retrain:102] : Target Network data at target.predict : [[-1.2822865  -0.35214144 -0.9930486  -0.5570774  -0.0996021  -0.37157506]]  : Action chosend : -0.9930486083030701 
[taxi-dqn.py -              retrain:102] : Target Network data at target.predict : [[-0.9930486  -0.23503077 -0.85204524 -0.38479203 -0.0957711  -0.2500866 ]]  : Action chosend : -0.9930486083030701 
[taxi-dqn.py -              retrain:102] : Target Network data at target.predict : [[-1.1962693  -0.31129065 -0.9930486  -0.5197004  -0.18935676 -0.36208972]]  : Action chosend : -0.9930486083030701 
[taxi-dqn.py -              retrain:102] : Target Network data at target.predict : [[-1.1575394  -0.2922655  -0.9930486  -0.5017323  -0.22430731 -0.3564695 ]]  : Action chosend : -0.9930486083030701 
[taxi-dqn.py -              retrain:102] : Target Network data at target.predict : [[-0.9971075  -0.22009929 -0.9390041  -0.39536366 -0.20026688 -0.28868237]]  : Action chosend : -0.9971075057983398 
[taxi-dqn.py -              retrain:102] : Target Network data at target.predict : [[-1.0843719  -0.2572666  -0.9930486  -0.46620944 -0.2798587  -0.34330007]]  : Action chosend : -0.9930486083030701 
[taxi-dqn.py -              retrain:102] : Target Network data at target.predict : [[-1.0520246  -0.2418453  -0.9930486  -0.44980887 -0.3018561  -0.33671874]]  : Action chosend : -0.9930486083030701 
[taxi-dqn.py -              retrain:102] : Target Network data at target.predict : [[-0.9971075  -0.16465403 -0.8417942  -0.3435432  -0.23803906 -0.26185986]]  : Action chosend : -0.9971075057983398 
[taxi-dqn.py -              retrain:102] : Target Network data at target.predict : [[-1.0037658  -0.21512488 -0.9930486  -0.42009887 -0.33357656 -0.3251955 ]]  : Action chosend : -0.9930486083030701 
[taxi-dqn.py -              retrain:102] : Target Network data at target.predict : [[-0.9907054  -0.20151153 -0.9930486  -0.4067296  -0.34397492 -0.32045165]]  : Action chosend : -0.9930486083030701 
[taxi-dqn.py -              retrain:102] : Target Network data at target.predict : [[-0.9971075  -0.12840146 -0.79953945 -0.31384063 -0.26318586 -0.24723974]]  : Action chosend : -0.9971075057983398 
[taxi-dqn.py -              retrain:102] : Target Network data at target.predict : [[-0.9971075  -0.11697531 -0.80461305 -0.30689782 -0.27157828 -0.23949608]]  : Action chosend : -0.9971075057983398 
[taxi-dqn.py -              retrain:102] : Target Network data at target.predict : [[-1.0053408  -0.16145092 -0.9930486  -0.3775681  -0.36999983 -0.3035757 ]]  : Action chosend : -0.9930486083030701 
[taxi-dqn.py -              retrain:102] : Target Network data at target.predict : [[-0.9971075  -0.0954143  -0.84032625 -0.2964792  -0.29080543 -0.2238808 ]]  : Action chosend : -0.9971075057983398 
[taxi-dqn.py -                  act:83] : In ACT : state value : [[423]] 
[taxi-dqn.py -                  act:85] : In ACT : qvalue value : [[-0.97241086 -0.08520057 -0.86723715 -0.29239008 -0.30082163 -0.21601552]] 
[taxi-dqn.py -                  act:86] : In ACT : qvalue value npmax: 1 
[taxi-dqn.py -              retrain:102] : Target Network data at target.predict : [[-0.9971075  -0.08520057 -0.86723715 -0.29239008 -0.30082163 -0.21601552]]  : Action chosend : -0.9971075057983398 
[taxi-dqn.py -              retrain:102] : Target Network data at target.predict : [[-0.9971075  -0.08335142 -0.8674316  -0.3127524  -0.29804695 -0.22484633]]  : Action chosend : -0.9971075057983398 
[taxi-dqn.py -              retrain:102] : Target Network data at target.predict : [[-1.1329346  -0.1084701  -0.9930486  -0.34458506 -0.40417123 -0.26381698]]  : Action chosend : -0.9930486083030701 
[taxi-dqn.py -              retrain:102] : Target Network data at target.predict : [[-1.1672167  -0.09833652 -0.9930486  -0.33778307 -0.4106196  -0.25510222]]  : Action chosend : -0.9930486083030701 
[taxi-dqn.py -              retrain:102] : Target Network data at target.predict : [[-1.192402   -0.09006532 -0.9930486  -0.33146256 -0.41524932 -0.24861556]]  : Action chosend : -0.9930486083030701 
[taxi-dqn.py -              retrain:102] : Target Network data at target.predict : [[-0.9930486  -0.07201652 -0.999609   -0.31139913 -0.41042778 -0.2374869 ]]  : Action chosend : -0.9930486083030701 
[taxi-dqn.py -              retrain:102] : Target Network data at target.predict : [[-1.1789112  -0.08316286 -0.9930486  -0.3227663  -0.41893786 -0.2452798 ]]  : Action chosend : -0.9930486083030701 
[taxi-dqn.py -              retrain:102] : Target Network data at target.predict : [[-0.9971075  -0.04612105 -0.9411797  -0.2768179  -0.34893334 -0.19106178]]  : Action chosend : -0.9971075057983398 
[taxi-dqn.py -              retrain:102] : Target Network data at target.predict : [[-1.1067846  -0.08532848 -0.9930486  -0.31894928 -0.4187194  -0.24984021]]  : Action chosend : -0.9930486083030701 
[taxi-dqn.py -              retrain:102] : Target Network data at target.predict : [[-1.072115   -0.08719869 -0.9930486  -0.31827772 -0.4192249  -0.2524456 ]]  : Action chosend : -0.9930486083030701 
[taxi-dqn.py -              retrain:102] : Target Network data at target.predict : [[-0.9971075  -0.05140653 -0.8735542  -0.2752977  -0.35167715 -0.19920012]]  : Action chosend : -0.9971075057983398 
[taxi-dqn.py -              retrain:102] : Target Network data at target.predict : [[-1.0232549  -0.0907058  -0.9930486  -0.3183603  -0.42269814 -0.25527763]]  : Action chosend : -0.9930486083030701 
[taxi-dqn.py -              retrain:102] : Target Network data at target.predict : [[-1.0075742  -0.09210673 -0.9930486  -0.31926072 -0.42603153 -0.25626758]]  : Action chosend : -0.9930486083030701 
[taxi-dqn.py -              retrain:102] : Target Network data at target.predict : [[-0.9971075  -0.05656409 -0.85685754 -0.27612975 -0.35683468 -0.20355503]]  : Action chosend : -0.9971075057983398 
[taxi-dqn.py -              retrain:102] : Target Network data at target.predict : [[-0.95443344 -0.9923644  -0.86238694 -0.27680132 -0.3595365  -0.2040754 ]]  : Action chosend : -0.9923644065856934 
[taxi-dqn.py -              retrain:102] : Target Network data at target.predict : [[-0.9861437  -0.14075899 -0.93528265 -0.32631263 -9.993049   -0.26215112]]  : Action chosend : -9.993048667907715 
[taxi-dqn.py -              retrain:102] : Target Network data at target.predict : [[-1.0305893  -0.18173409 -0.9930486  -0.33286816 -0.52916175 -0.27428892]]  : Action chosend : -0.9930486083030701 
[taxi-dqn.py -              retrain:102] : Target Network data at target.predict : [[-0.9971075  -0.18675482 -0.93310076 -0.2849774  -0.4974372  -0.22167666]]  : Action chosend : -0.9971075057983398 
[taxi-dqn.py -              retrain:102] : Target Network data at target.predict : [[-0.9971075  -0.22191    -0.96406007 -0.28664404 -0.55877167 -0.2273167 ]]  : Action chosend : -0.9971075057983398 
[taxi-dqn.py -              retrain:102] : Target Network data at target.predict : [[-0.9971075  -0.25491163 -0.99340004 -0.28828984 -0.6165972  -0.23233691]]  : Action chosend : -0.9971075057983398 
[taxi-dqn.py -              retrain:102] : Target Network data at target.predict : [[-0.9971075  -0.28551695 -1.020163   -0.28958243 -0.6706822  -0.23680402]]  : Action chosend : -0.9971075057983398 
[taxi-dqn.py -              retrain:102] : Target Network data at target.predict : [[-1.2363962  -0.3600508  -0.9930486  -0.36160043 -0.90806216 -0.30086204]]  : Action chosend : -0.9930486083030701 
[taxi-dqn.py -              retrain:102] : Target Network data at target.predict : [[-1.2579062  -0.3867152  -0.9930486  -0.36235613 -0.9665173  -0.30044118]]  : Action chosend : -0.9930486083030701 
[taxi-dqn.py -              retrain:102] : Target Network data at target.predict : [[-1.266872   -0.40754965 -0.9930486  -0.35957506 -1.0157346  -0.29751438]]  : Action chosend : -0.9930486083030701 
[taxi-dqn.py -              retrain:102] : Target Network data at target.predict : [[-1.2655209  -0.42274302 -0.9930486  -0.3541598  -1.0562035  -0.292807  ]]  : Action chosend : -0.9930486083030701 
[taxi-dqn.py -              retrain:102] : Target Network data at target.predict : [[-0.9971075  -0.37916726 -0.9464158  -0.2772642  -0.85002744 -0.23124406]]  : Action chosend : -0.9971075057983398 
[taxi-dqn.py -              retrain:102] : Target Network data at target.predict : [[-1.2524456  -0.437385   -0.9930486  -0.33441603 -1.1154324  -0.27907306]]  : Action chosend : -0.9930486083030701 
[taxi-dqn.py -              retrain:102] : Target Network data at target.predict : [[-1.2432046  -0.4418738  -0.9930486  -0.32472813 -1.1392096  -0.27283025]]  : Action chosend : -0.9930486083030701 
[taxi-dqn.py -              retrain:102] : Target Network data at target.predict : [[-1.235604   -0.44618684 -1.0024158  -0.9923644  -1.1615098  -0.26855037]]  : Action chosend : -0.9923644065856934 
[taxi-dqn.py -              retrain:102] : Target Network data at target.predict : [[-0.9971075  -0.40358233 -0.77633417 -0.29639602 -0.91658044 -0.21862423]]  : Action chosend : -0.9971075057983398 
[taxi-dqn.py -              retrain:102] : Target Network data at target.predict : [[-1.2337731  -0.45535022 -0.9930486  -0.40574726 -1.2028259  -0.27167088]]  : Action chosend : -0.9930486083030701 
[taxi-dqn.py -              retrain:102] : Target Network data at target.predict : [[-1.2350111  -0.46021828 -0.9930486  -0.4450893  -1.2218475  -0.27340427]]  : Action chosend : -0.9930486083030701 
[taxi-dqn.py -                  act:83] : In ACT : state value : [[323]] 
[taxi-dqn.py -                  act:85] : In ACT : qvalue value : [[-1.0392514  -0.41769654 -0.7425283  -0.4193771  -0.9873922  -0.25191242]] 
[taxi-dqn.py -                  act:86] : In ACT : qvalue value npmax: 5 
[taxi-dqn.py -              retrain:102] : Target Network data at target.predict : [[-1.2385885  -0.46596396 -0.9930486  -0.48217553 -1.2406449  -0.2754897 ]]  : Action chosend : -0.9930486083030701 
[taxi-dqn.py -              retrain:102] : Target Network data at target.predict : [[-0.9971075  -0.41886252 -0.6947876  -0.41146114 -0.9624931  -0.21826887]]  : Action chosend : -0.9971075057983398 
[taxi-dqn.py -              retrain:102] : Target Network data at target.predict : [[-0.9971075  -0.42329443 -0.68856114 -0.4353894  -0.97312707 -0.21877435]]  : Action chosend : -0.9971075057983398 
[taxi-dqn.py -              retrain:102] : Target Network data at target.predict : [[-0.9971075  -0.4275848  -0.68329734 -0.45750752 -0.98332196 -0.21938291]]  : Action chosend : -0.9971075057983398 
[taxi-dqn.py -              retrain:102] : Target Network data at target.predict : [[-1.0549248  -0.43762162 -0.72115076 -0.51997846 -1.0339743  -9.992364  ]]  : Action chosend : -9.992363929748535 
[taxi-dqn.py -              retrain:102] : Target Network data at target.predict : [[-1.2974288  -0.49147636 -0.9930486  -0.6717464  -1.3215084  -0.39586097]]  : Action chosend : -0.9930486083030701 
[taxi-dqn.py -              retrain:102] : Target Network data at target.predict : [[-0.9971075  -0.43519568 -0.71280015 -0.57906365 -1.0170625  -0.395778  ]]  : Action chosend : -0.9971075057983398 
[taxi-dqn.py -              retrain:102] : Target Network data at target.predict : [[-1.3491833 -0.494244  -0.9930486 -0.7892422 -1.3471192 -0.5980663]]  : Action chosend : -0.9930486083030701 
[taxi-dqn.py -              retrain:102] : Target Network data at target.predict : [[-1.3706447  -0.49576515 -0.9930486  -0.84257704 -1.358661   -0.6892408 ]]  : Action chosend : -0.9930486083030701 
[taxi-dqn.py -              retrain:102] : Target Network data at target.predict : [[-1.3913573  -0.49749678 -0.9930486  -0.8928614  -1.3696947  -0.77444726]]  : Action chosend : -0.9930486083030701 
[taxi-dqn.py -              retrain:102] : Target Network data at target.predict : [[-1.411083   -0.49906307 -0.9930486  -0.9402719  -1.3800274  -0.8540197 ]]  : Action chosend : -0.9930486083030701 
[taxi-dqn.py -              retrain:102] : Target Network data at target.predict : [[-1.4287245  -0.5002078  -0.9930486  -0.98378485 -1.3891231  -0.927375  ]]  : Action chosend : -0.9930486083030701 
[taxi-dqn.py -              retrain:102] : Target Network data at target.predict : [[-0.9971075  -0.44584584 -0.8298054  -0.804116   -1.0596492  -0.786169  ]]  : Action chosend : -0.9971075057983398 
[taxi-dqn.py -              retrain:102] : Target Network data at target.predict : [[-1.440408   -0.49973607 -1.0670712  -0.9923644  -1.40216    -1.0549175 ]]  : Action chosend : -0.9923644065856934 
[taxi-dqn.py -              retrain:102] : Target Network data at target.predict : [[-1.4357351  -0.49844292 -0.9930486  -1.0809003  -1.4062684  -1.1090307 ]]  : Action chosend : -0.9930486083030701 
[taxi-dqn.py -              retrain:102] : Target Network data at target.predict : [[-0.9971075  -0.43928474 -0.84121394 -0.85114306 -1.0515165  -0.9012097 ]]  : Action chosend : -0.9971075057983398 
[taxi-dqn.py -              retrain:102] : Target Network data at target.predict : [[-1.4095763  -0.49278682 -0.9930486  -1.1162906  -1.4095007  -1.1996659 ]]  : Action chosend : -0.9930486083030701 
[taxi-dqn.py -              retrain:102] : Target Network data at target.predict : [[-1.3894482 -0.4885785 -0.9930486 -1.1292592 -1.4088821 -1.2368234]]  : Action chosend : -0.9930486083030701 
[taxi-dqn.py -              retrain:102] : Target Network data at target.predict : [[-0.9971075  -0.4242919  -0.8022722  -0.8631058  -1.0268492  -0.96820843]]  : Action chosend : -0.9971075057983398 
[taxi-dqn.py -              retrain:102] : Target Network data at target.predict : [[-1.3458812  -0.47935915 -0.9930486  -1.1483654  -1.405118   -1.2982208 ]]  : Action chosend : -0.9930486083030701 
[taxi-dqn.py -              retrain:102] : Target Network data at target.predict : [[-0.9971075  -0.4134733  -0.7633803  -0.86350214 -1.0088373  -0.9962633 ]]  : Action chosend : -0.9971075057983398 
[taxi-dqn.py -              retrain:102] : Target Network data at target.predict : [[-0.9971075  -0.40875125 -0.7457959  -0.8634686  -1.0017034  -1.0076073 ]]  : Action chosend : -0.9971075057983398 
[taxi-dqn.py -              retrain:102] : Target Network data at target.predict : [[-0.9971075  -0.40488973 -0.7316545  -0.8642528  -0.99724066 -1.0181649 ]]  : Action chosend : -0.9971075057983398 
[taxi-dqn.py -              retrain:102] : Target Network data at target.predict : [[-1.2821014 -0.46354   -0.9930486 -1.1735913 -1.3976926 -1.3863645]]  : Action chosend : -0.9930486083030701 
[taxi-dqn.py -              retrain:102] : Target Network data at target.predict : [[-0.9971075 -0.5611388 -1.0819222 -1.3359587 -1.4439003 -1.6094096]]  : Action chosend : -0.9971075057983398 
[taxi-dqn.py -              retrain:102] : Target Network data at target.predict : [[-1.2214038  -0.45282122 -0.9930486  -1.1782502  -1.3936496  -1.4116966 ]]  : Action chosend : -0.9930486083030701 
[taxi-dqn.py -              retrain:102] : Target Network data at target.predict : [[-1.1729088  -0.44622803 -0.9930486  -1.1786263  -1.3903061  -1.4205507 ]]  : Action chosend : -0.9930486083030701 
[taxi-dqn.py -              retrain:102] : Target Network data at target.predict : [[-1.1303302 -0.441081  -0.9930486 -1.1801416 -1.3880897 -1.4297458]]  : Action chosend : -0.9930486083030701 
[taxi-dqn.py -              retrain:102] : Target Network data at target.predict : [[-1.0929652 -0.4372166 -0.9930486 -1.1826689 -1.3868725 -1.4392518]]  : Action chosend : -0.9930486083030701 
[taxi-dqn.py -              retrain:102] : Target Network data at target.predict : [[-1.0600834  -0.43439892 -0.9930486  -1.1859605  -1.3864528  -1.4488987 ]]  : Action chosend : -0.9930486083030701 
[taxi-dqn.py -              retrain:102] : Target Network data at target.predict : [[-0.7597862  -0.9923644  -0.71970934 -0.8686278  -0.9742742  -1.0718641 ]]  : Action chosend : -0.9923644065856934 
[taxi-dqn.py -              retrain:102] : Target Network data at target.predict : [[-0.9971075  -0.42626676 -0.7390747  -0.8766346  -0.98092175 -1.084919  ]]  : Action chosend : -0.9971075057983398 
[taxi-dqn.py -                  act:83] : In ACT : state value : [[323]] 
[taxi-dqn.py -                  act:85] : In ACT : qvalue value : [[-1.0996028 -0.6282162 -1.1136973 -1.3250537 -1.3924123 -1.6513761]] 
[taxi-dqn.py -                  act:86] : In ACT : qvalue value npmax: 1 
[taxi-dqn.py -              retrain:102] : Target Network data at target.predict : [[-1.0996028 -0.9904163 -1.1136973 -1.3250537 -1.3924123 -1.6513761]]  : Action chosend : -0.9904162883758545 
[taxi-dqn.py -              retrain:102] : Target Network data at target.predict : [[-0.9971075 -0.7212703 -1.1375601 -1.3324213 -1.3964412 -1.6646804]]  : Action chosend : -0.9971075057983398 
[taxi-dqn.py -              retrain:102] : Target Network data at target.predict : [[-1.005511  -0.6986915 -0.9930486 -1.2128031 -1.4010797 -1.5026401]]  : Action chosend : -0.9930486083030701 
