[taxi-dqn.py -             <module>:22] : 


Hey, Welcome Amitabh !


 
[taxi-dqn.py -             <module>:28] : Observation space      : Discrete(500) 
[taxi-dqn.py -             <module>:29] : Number of states       : 500 
[taxi-dqn.py -             <module>:30] : Action space           : Discrete(6) 
[taxi-dqn.py -             <module>:31] : Number of action space : 6 
[taxi-dqn.py -  build_compile_model:69] : <bound method Model.summary of <keras.engine.sequential.Sequential object at 0x000001A6BD0AE2B0>> 
[taxi-dqn.py -  build_compile_model:69] : <bound method Model.summary of <keras.engine.sequential.Sequential object at 0x000001A6C392B6A0>> 
[taxi-dqn.py -   align_target_model:76] : Weights of the network : [array([[-0.02806704,  0.04312364, -0.01568487, ...,  0.00835676,
        -0.01210129, -0.03202341],
       [ 0.04838917, -0.0015681 ,  0.03443471, ..., -0.01916662,
         0.03151268, -0.02436041],
       [-0.0409693 , -0.00465583,  0.02134982, ...,  0.03407219,
        -0.00256611,  0.02266574],
       ...,
       [-0.0128678 ,  0.00831205, -0.04553685, ...,  0.01585618,
        -0.01497153,  0.02897416],
       [-0.04708787, -0.03230663,  0.0482927 , ...,  0.01514096,
         0.02255115, -0.01953917],
       [-0.04001467, -0.01055245,  0.02628057, ..., -0.00990354,
         0.00420616,  0.03170035]], dtype=float32), array([[ 4.71813083e-02,  8.87434781e-02,  1.15023464e-01,
         1.19595706e-01,  1.71659261e-01, -1.15994021e-01,
        -3.03193629e-01, -4.50091362e-02, -1.47840917e-01,
         1.80598795e-01, -2.39913523e-01,  2.14235693e-01,
        -2.79687405e-01,  2.93935537e-02,  2.48601466e-01,
         6.44949377e-02, -2.44536996e-02, -2.67609358e-02,
        -5.43836057e-02,  2.45254636e-02, -4.23914194e-02,
        -1.79042742e-01, -2.08159059e-01, -1.75261319e-01,
        -9.41056907e-02,  5.23061156e-02, -2.07183003e-01,
         2.16850191e-01, -8.24533850e-02,  1.98458642e-01,
        -2.43955508e-01, -1.38269573e-01, -1.22498870e-02,
        -1.71149373e-01,  1.91157132e-01,  8.48661661e-02,
         1.88572317e-01,  1.45888865e-01, -1.71787217e-01,
        -2.80591071e-01, -2.73426771e-02, -1.01486593e-01,
        -1.48505300e-01, -9.88104939e-03, -1.94133788e-01,
         9.26661193e-02, -2.29358435e-01, -1.91947281e-01,
        -9.58749801e-02,  2.91747123e-01],
       [-1.10576540e-01,  1.81131244e-01,  3.06793660e-01,
         1.08434677e-01, -1.95574507e-01,  2.71906525e-01,
         8.94151032e-02, -1.55275658e-01,  3.72130275e-02,
        -2.54746735e-01,  6.43633008e-02, -2.12225169e-01,
         2.85616189e-01, -2.73854494e-01,  1.93126827e-01,
         2.44236797e-01, -3.64722013e-02,  3.55921984e-02,
         1.82992727e-01,  1.51842713e-01,  9.47987139e-02,
         4.96257544e-02, -2.49987751e-01, -1.24328360e-01,
         6.42558634e-02, -2.30544686e-01,  1.79797888e-01,
        -1.10844344e-01,  2.91943401e-01, -2.83099234e-01,
         1.58928961e-01, -8.83592814e-02, -1.35762408e-01,
         2.55989432e-02, -3.46873701e-02,  1.15684092e-01,
         2.17645198e-01, -1.05015069e-01, -1.53728172e-01,
        -2.23996669e-01, -3.00632924e-01,  2.15988666e-01,
         2.26771146e-01, -5.86388707e-02, -1.33507058e-01,
         2.50862271e-01, -2.37682164e-02, -4.57086265e-02,
         1.29076779e-01, -1.53062671e-01],
       [-1.82307020e-01,  1.73130661e-01, -1.06019706e-01,
         2.56512910e-01, -1.89836025e-02,  2.29495436e-01,
        -1.24227867e-01,  2.86021560e-01,  1.66676909e-01,
        -1.61299378e-01, -2.81156331e-01,  1.33777797e-01,
        -1.67114630e-01, -3.13162595e-01, -9.52249318e-02,
         2.70993710e-02,  1.97804123e-01,  8.08877349e-02,
        -1.63424224e-01,  2.16349959e-02,  2.58469433e-01,
         4.08026576e-03, -4.01929021e-03,  2.36411661e-01,
         1.26348048e-01,  2.36527056e-01, -1.74395710e-01,
        -7.29442537e-02,  4.94181216e-02,  4.03924286e-02,
         1.06581986e-01,  6.18475676e-03,  3.11230630e-01,
        -2.75622576e-01,  2.24195331e-01, -2.86964476e-02,
        -2.58815765e-01,  1.16946340e-01,  1.79428220e-01,
         7.72877932e-02,  2.75124609e-02, -1.56215519e-01,
         9.20631886e-02,  2.10460991e-01,  1.50343806e-01,
         4.37910557e-02,  2.01331407e-01,  1.08962715e-01,
         7.46421218e-02,  2.48148352e-01],
       [ 1.18693978e-01, -1.69445083e-01, -2.10842282e-01,
         2.21029371e-01,  3.05027664e-02, -2.78354436e-01,
         2.03963518e-02, -1.22398868e-01,  2.88609177e-01,
        -5.26178777e-02, -2.69480109e-01,  2.44269401e-01,
         7.49450624e-02,  1.18201435e-01, -9.69887078e-02,
        -1.48314625e-01, -1.89045116e-01, -2.64388561e-01,
         1.28579348e-01, -1.56611338e-01, -1.64042532e-01,
        -1.54774129e-01,  2.98722297e-01, -2.01584667e-01,
         1.16654247e-01, -1.32906690e-01, -3.31091583e-02,
        -1.66681424e-01, -9.49312747e-02, -2.03582242e-01,
        -2.45795205e-01,  6.63703084e-02,  1.30724847e-01,
         2.45659858e-01, -2.76989192e-01, -8.97683948e-02,
         6.50775135e-02,  2.41092950e-01,  3.00519139e-01,
        -1.91018879e-02,  3.08924645e-01, -2.77909994e-01,
         9.79046822e-02, -6.00375235e-02,  3.03573340e-01,
        -2.09855735e-01, -2.87153512e-01,  2.92754024e-01,
        -1.73897743e-01, -2.29807109e-01],
       [ 9.89512205e-02,  1.49360567e-01, -2.86420733e-01,
        -6.28542006e-02, -1.80074513e-01, -2.02021956e-01,
        -1.87669605e-01,  3.08200151e-01,  2.74778813e-01,
         1.59265757e-01,  9.11887586e-02, -6.62009716e-02,
        -2.56270379e-01,  1.87871128e-01, -1.71900392e-02,
        -3.02160203e-01, -9.22971964e-03, -8.36212486e-02,
         1.99510425e-01, -2.20894575e-01, -2.02229619e-03,
         2.08916634e-01, -2.66353339e-01,  1.37835741e-04,
        -1.33688822e-01, -8.79363120e-02, -2.93745399e-01,
         2.03139395e-01, -2.52380848e-01, -1.17246404e-01,
        -1.43280685e-01,  2.01335639e-01, -1.93134069e-01,
        -2.65704960e-01, -2.62361765e-02, -2.20632195e-01,
         1.36259496e-01,  1.76503897e-01,  2.75098950e-01,
        -2.63058543e-02,  1.51808619e-01,  1.09500676e-01,
        -2.53006220e-02,  1.87062770e-01,  6.82725906e-02,
        -5.57983816e-02, -2.08634138e-01,  8.32151771e-02,
        -1.18555859e-01, -1.58040524e-01],
       [-2.57484019e-01,  9.08708572e-03,  2.69929737e-01,
         1.63061589e-01,  2.88730294e-01,  8.84404778e-02,
        -1.10992655e-01,  1.36789501e-01, -1.77377343e-01,
         2.45991081e-01, -2.48093992e-01, -1.10299394e-01,
         1.43549234e-01,  2.13586092e-02,  2.57502228e-01,
        -2.13597268e-01,  2.12713927e-01, -8.23852420e-03,
         3.42793465e-02,  1.57474220e-01,  1.31436497e-01,
        -1.58734322e-02, -3.07143778e-01, -8.98727477e-02,
         2.33719736e-01,  1.24318480e-01,  1.56495452e-01,
        -2.76680678e-01,  2.81468332e-02, -1.42661616e-01,
        -1.30214095e-02,  1.36513710e-01,  9.27556157e-02,
         2.80430287e-01, -1.57467604e-01, -1.20786563e-01,
        -1.53871432e-01,  1.04187846e-01,  3.22145820e-02,
        -2.00353473e-01,  1.66854292e-01, -2.70708978e-01,
        -1.77514791e-01, -1.67651668e-01,  2.41754442e-01,
        -1.44545272e-01, -2.35290855e-01, -3.12578052e-01,
         3.08033258e-01, -1.30988121e-01],
       [-1.70749858e-01, -1.45398214e-01, -2.73531139e-01,
        -5.13097644e-02, -1.73364088e-01,  2.95814276e-02,
        -1.08921483e-01,  2.93284059e-02,  3.65168452e-02,
        -2.98268259e-01,  1.04397118e-01,  1.50107056e-01,
         3.14225852e-02,  5.89455962e-02, -8.17467123e-02,
        -5.20164371e-02,  1.02794170e-01,  1.13114417e-01,
         1.86506420e-01,  3.12562585e-02, -1.34053513e-01,
        -9.26339924e-02, -1.70905173e-01, -2.87093580e-01,
         2.13125736e-01,  2.61244565e-01, -2.14229226e-01,
         9.42135155e-02,  1.40016019e-01,  8.53042901e-02,
        -2.88362682e-01,  5.84275424e-02, -9.86635238e-02,
         4.76854146e-02,  1.99570566e-01,  1.02259636e-01,
        -3.87521982e-02, -1.38390362e-02,  2.81883806e-01,
        -1.48917556e-01, -2.64386296e-01,  1.20851636e-01,
        -3.14607143e-01,  2.82747418e-01,  6.98501468e-02,
         1.32174611e-01,  5.04482388e-02, -5.40598035e-02,
        -1.71278298e-01,  4.62174714e-02],
       [-2.16886073e-01,  8.64970386e-02,  1.50042832e-01,
        -8.21695328e-02,  2.94066936e-01,  3.00141186e-01,
         2.40182281e-02,  1.56643391e-01,  2.09030181e-01,
        -1.42604411e-02,  1.42137021e-01,  6.45278692e-02,
         1.25709683e-01, -1.63133502e-01, -7.12597072e-02,
        -1.13863677e-01,  1.54553384e-01, -8.15791190e-02,
        -9.71983820e-02,  3.07633489e-01,  2.82365710e-01,
         2.94100434e-01,  2.23241836e-01,  1.12681866e-01,
         2.52223343e-01,  7.87707567e-02,  3.84552181e-02,
         1.24397665e-01, -2.39462882e-01,  3.96621227e-03,
        -3.48179042e-02,  1.61650270e-01, -1.22090280e-01,
        -1.57669961e-01, -2.14415014e-01,  1.56230003e-01,
         1.99921101e-01,  2.82681853e-01,  2.91264385e-01,
         1.52035117e-01,  2.61507362e-01,  3.05373579e-01,
        -2.68302917e-01,  8.89904797e-02, -1.33576497e-01,
         2.81186014e-01,  1.61737204e-02, -2.62639493e-01,
        -2.27094948e-01, -2.74009824e-01],
       [ 6.70403242e-02, -1.40599191e-01, -2.55453944e-01,
         1.84820443e-01,  1.79755062e-01,  2.78364807e-01,
         2.66873032e-01, -1.04256377e-01,  3.79026532e-02,
         4.56732810e-02,  2.53010541e-01, -1.85548767e-01,
         4.19369638e-02, -1.37061611e-01,  8.47586989e-03,
         2.08593935e-01, -2.47018933e-02, -1.68298036e-01,
        -1.08477414e-01,  7.05721974e-02, -5.34364283e-02,
        -2.59279072e-01, -1.99986756e-01,  1.60265118e-01,
        -1.91816315e-01,  1.69506520e-01,  2.03656405e-01,
        -2.48247340e-01,  2.83943325e-01,  7.16077387e-02,
         2.43076831e-01, -2.08662331e-01, -1.20484531e-01,
         6.95160627e-02,  8.70644450e-02,  1.07499957e-02,
         4.05102968e-03,  1.66136622e-01,  1.69968992e-01,
        -6.76238090e-02, -2.39553809e-01,  1.58678740e-01,
        -1.89819783e-01, -2.80892581e-01, -1.46667629e-01,
        -8.08104724e-02,  2.57358044e-01,  1.13855541e-01,
        -2.26988032e-01, -1.35481343e-01],
       [ 2.91696638e-01,  1.68347329e-01, -7.67970085e-03,
        -2.35449195e-01, -1.14417151e-01, -8.44825655e-02,
         2.56553560e-01,  2.66991705e-01,  2.06067175e-01,
         1.80273920e-01, -2.62529492e-01, -1.84663251e-01,
        -4.02604043e-02, -2.34473288e-01, -1.09727383e-01,
         1.99835867e-01, -2.53159076e-01,  1.23283327e-01,
        -8.78779590e-02,  2.89352924e-01, -2.96404421e-01,
        -1.81669936e-01,  2.43599087e-01,  1.31847382e-01,
         1.82592839e-01,  1.85818166e-01, -9.52240825e-03,
         9.30052996e-02, -1.51101947e-02, -1.62989870e-01,
        -8.20776969e-02,  2.13116795e-01,  1.81526303e-01,
        -1.16537392e-01,  2.91231900e-01,  2.25392014e-01,
         1.35968983e-01,  2.99636155e-01, -2.03615785e-01,
         3.10931236e-01, -2.90144622e-01,  2.67183274e-01,
         6.51717186e-04, -1.36819214e-01, -8.73986781e-02,
         1.90819591e-01, -2.99358368e-01, -1.70592964e-02,
        -1.63154915e-01, -2.90361702e-01]], dtype=float32), array([0., 0., 0., 0., 0., 0., 0., 0., 0., 0., 0., 0., 0., 0., 0., 0., 0.,
       0., 0., 0., 0., 0., 0., 0., 0., 0., 0., 0., 0., 0., 0., 0., 0., 0.,
       0., 0., 0., 0., 0., 0., 0., 0., 0., 0., 0., 0., 0., 0., 0., 0.],
      dtype=float32), array([[ 0.1626644 , -0.10199247,  0.06099109, ...,  0.06797348,
         0.16037895, -0.03422087],
       [-0.01353785, -0.04608059,  0.04696266, ...,  0.20060502,
         0.1106122 ,  0.01673619],
       [ 0.11607759,  0.19013144, -0.04957621, ...,  0.08453275,
         0.17101075, -0.03367366],
       ...,
       [-0.20742281,  0.14566545, -0.15307197, ...,  0.23036732,
         0.00739126,  0.14191736],
       [ 0.07302584,  0.05302317, -0.17622578, ...,  0.11171864,
        -0.21497631,  0.109026  ],
       [ 0.05475731, -0.13762167,  0.00973512, ...,  0.03510098,
         0.15778534, -0.00193083]], dtype=float32), array([0., 0., 0., 0., 0., 0., 0., 0., 0., 0., 0., 0., 0., 0., 0., 0., 0.,
       0., 0., 0., 0., 0., 0., 0., 0., 0., 0., 0., 0., 0., 0., 0., 0., 0.,
       0., 0., 0., 0., 0., 0., 0., 0., 0., 0., 0., 0., 0., 0., 0., 0.],
      dtype=float32), array([[ 0.01985052,  0.00301012,  0.044938  , -0.0017809 , -0.00885585,
        -0.13084078],
       [-0.03394946, -0.04353529, -0.31149167,  0.24965572,  0.21268934,
        -0.26272044],
       [-0.3126973 ,  0.24847597,  0.02471107,  0.29797018, -0.07823668,
         0.02045667],
       [ 0.18612975,  0.25436783, -0.01530826,  0.24561852,  0.00576028,
         0.24265921],
       [-0.1928044 , -0.11473863,  0.05589962,  0.11993566, -0.06828189,
         0.23555928],
       [ 0.29509312,  0.1483323 , -0.16905229,  0.03518096, -0.15888116,
         0.17021596],
       [ 0.22778523,  0.04589775,  0.11241785, -0.3162936 ,  0.01825663,
        -0.2657056 ],
       [ 0.18092918,  0.26637542,  0.26653367, -0.23245084, -0.11661223,
        -0.26627466],
       [-0.08176365, -0.21059895, -0.1727092 , -0.29525566, -0.10573334,
        -0.22602808],
       [ 0.01824749,  0.31233853,  0.2261545 ,  0.00969461,  0.17877913,
        -0.1340133 ],
       [ 0.17917639, -0.06298089,  0.32606173, -0.00636455,  0.20415705,
        -0.21213542],
       [-0.02999365, -0.29781055, -0.00233138, -0.26828796,  0.26491606,
         0.13972253],
       [-0.30488473, -0.1917915 , -0.20581864,  0.03080246,  0.23515856,
        -0.13092498],
       [ 0.21753162,  0.27804124,  0.13218129,  0.02128986,  0.21405059,
        -0.2015484 ],
       [-0.11978655, -0.2807818 ,  0.01735425,  0.27375   , -0.3224237 ,
         0.05775478],
       [ 0.02688357, -0.15918778, -0.31284043,  0.14543083, -0.04690346,
        -0.05734366],
       [-0.13925569, -0.11108156, -0.16892985, -0.12123942,  0.286457  ,
         0.04189715],
       [ 0.17865539,  0.3070945 , -0.10656057,  0.09188095, -0.15544018,
         0.29961187],
       [ 0.3057019 ,  0.25376058,  0.03431112,  0.05238879,  0.22619188,
         0.2821626 ],
       [-0.05794257,  0.20811015, -0.18139054, -0.20262599,  0.09042057,
         0.25390428],
       [ 0.11110964, -0.05399418,  0.28984696,  0.16129377,  0.32040828,
         0.2552123 ],
       [ 0.0048745 , -0.03530622,  0.0766232 , -0.2963541 ,  0.21526873,
         0.27942353],
       [-0.09118693,  0.0652788 , -0.16181456,  0.06328148,  0.05461076,
        -0.14346826],
       [-0.11994918,  0.13730967, -0.13217013, -0.07982598,  0.26152956,
         0.18239558],
       [-0.21440859,  0.22712207,  0.26118898,  0.09473395, -0.14920644,
         0.27105582],
       [ 0.10431573,  0.19630635, -0.31806627,  0.12054119, -0.10526712,
        -0.1340915 ],
       [ 0.06185919, -0.16165191, -0.03327996,  0.25652313, -0.11126979,
        -0.29853445],
       [-0.22912896, -0.02537417, -0.21205348,  0.09490815, -0.12270066,
         0.05034006],
       [ 0.17956805, -0.05599442, -0.02413443, -0.25516564, -0.00498337,
         0.22836167],
       [ 0.00209299, -0.18987124,  0.3051374 , -0.28267643, -0.2150437 ,
        -0.1017179 ],
       [-0.18852362,  0.22989678, -0.28352588, -0.13769409, -0.02018633,
        -0.04801056],
       [ 0.1507614 , -0.26708722, -0.27915654, -0.11851612,  0.1388267 ,
        -0.23207156],
       [-0.00182912, -0.19643603,  0.17669207, -0.19491439,  0.2042079 ,
         0.27385432],
       [ 0.01398313,  0.056835  ,  0.29489303,  0.0181185 , -0.18394957,
        -0.19097863],
       [-0.07043058, -0.23507878,  0.20250052,  0.30878145,  0.22454292,
        -0.03833231],
       [-0.2565923 , -0.28174436, -0.23744506,  0.17711568,  0.28648752,
         0.08331627],
       [-0.19570002,  0.10509107, -0.10140154,  0.099345  ,  0.0804472 ,
         0.20049685],
       [ 0.18484908, -0.21980885, -0.15664552, -0.04829696,  0.15488595,
         0.11093476],
       [ 0.24821937, -0.15684538, -0.17496397,  0.06293148, -0.20521297,
        -0.00368899],
       [ 0.17289746, -0.07247531, -0.26109454, -0.18779972,  0.24200124,
         0.2478661 ],
       [-0.28335264, -0.248703  , -0.07718906,  0.01727098,  0.17387378,
         0.04606545],
       [ 0.22192991, -0.26989317, -0.16150948, -0.11009653, -0.12546487,
        -0.20417339],
       [-0.22928566, -0.21783566,  0.2055704 ,  0.32371682, -0.10356787,
        -0.2439262 ],
       [ 0.05496898, -0.32207376,  0.10881877, -0.30663854,  0.27142966,
        -0.14306447],
       [ 0.11738032,  0.2970978 ,  0.12676448,  0.14081705,  0.14611337,
         0.20218223],
       [ 0.13223577, -0.07484558,  0.31195796,  0.06247711,  0.11586812,
         0.12389368],
       [-0.07199755, -0.05176869,  0.20524412, -0.31096473, -0.02747402,
         0.1285033 ],
       [ 0.27602124, -0.05026078, -0.00974146,  0.18848467, -0.31502894,
         0.04645339],
       [-0.31079498, -0.0479233 , -0.14567001, -0.10286121,  0.31702173,
        -0.10697162],
       [ 0.0740394 , -0.19978023,  0.22643632,  0.12154105, -0.04818231,
         0.10464552]], dtype=float32), array([0., 0., 0., 0., 0., 0.], dtype=float32)] 
[taxi-dqn.py -                  act:83] : In ACT : state value : [[21]] 
[functional.py - _conform_to_reference_input:678] : Tensore receied : Tensor("IteratorGetNext:0", shape=(None, 1), dtype=int32) 
[functional.py - _conform_to_reference_input:679] : REf input receied : KerasTensor(type_spec=TensorSpec(shape=(None, 1), dtype=tf.float32, name='embedding_input'), name='embedding_input', description="created by layer 'embedding_input'") 
[taxi-dqn.py -                  act:85] : In ACT : qvalue value : [[ 0.0062487   0.00491512 -0.01128944  0.00275615  0.00290893  0.01349447]] 
[taxi-dqn.py -                  act:86] : In ACT : qvalue value npmax: 5 
[taxi-dqn.py -                  act:83] : In ACT : state value : [[21]] 
[taxi-dqn.py -                  act:85] : In ACT : qvalue value : [[ 0.0062487   0.00491512 -0.01128944  0.00275615  0.00290893  0.01349447]] 
[taxi-dqn.py -                  act:86] : In ACT : qvalue value npmax: 5 
[taxi-dqn.py -                  act:83] : In ACT : state value : [[21]] 
[taxi-dqn.py -                  act:85] : In ACT : qvalue value : [[ 0.0062487   0.00491512 -0.01128944  0.00275615  0.00290893  0.01349447]] 
[taxi-dqn.py -                  act:86] : In ACT : qvalue value npmax: 5 
[taxi-dqn.py -                  act:83] : In ACT : state value : [[21]] 
[taxi-dqn.py -                  act:85] : In ACT : qvalue value : [[ 0.0062487   0.00491512 -0.01128944  0.00275615  0.00290893  0.01349447]] 
[taxi-dqn.py -                  act:86] : In ACT : qvalue value npmax: 5 
[taxi-dqn.py -                  act:83] : In ACT : state value : [[21]] 
[taxi-dqn.py -                  act:85] : In ACT : qvalue value : [[ 0.0062487   0.00491512 -0.01128944  0.00275615  0.00290893  0.01349447]] 
[taxi-dqn.py -                  act:86] : In ACT : qvalue value npmax: 5 
[taxi-dqn.py -                  act:83] : In ACT : state value : [[21]] 
[taxi-dqn.py -                  act:85] : In ACT : qvalue value : [[ 0.0062487   0.00491512 -0.01128944  0.00275615  0.00290893  0.01349447]] 
[taxi-dqn.py -                  act:86] : In ACT : qvalue value npmax: 5 
[taxi-dqn.py -                  act:83] : In ACT : state value : [[21]] 
[taxi-dqn.py -                  act:85] : In ACT : qvalue value : [[ 0.0062487   0.00491512 -0.01128944  0.00275615  0.00290893  0.01349447]] 
[taxi-dqn.py -                  act:86] : In ACT : qvalue value npmax: 5 
[taxi-dqn.py -                  act:83] : In ACT : state value : [[21]] 
[taxi-dqn.py -                  act:85] : In ACT : qvalue value : [[ 0.0062487   0.00491512 -0.01128944  0.00275615  0.00290893  0.01349447]] 
[taxi-dqn.py -                  act:86] : In ACT : qvalue value npmax: 5 
[taxi-dqn.py -                  act:83] : In ACT : state value : [[21]] 
[taxi-dqn.py -                  act:85] : In ACT : qvalue value : [[ 0.0062487   0.00491512 -0.01128944  0.00275615  0.00290893  0.01349447]] 
[taxi-dqn.py -                  act:86] : In ACT : qvalue value npmax: 5 
[taxi-dqn.py -                  act:83] : In ACT : state value : [[21]] 
[taxi-dqn.py -                  act:85] : In ACT : qvalue value : [[ 0.0062487   0.00491512 -0.01128944  0.00275615  0.00290893  0.01349447]] 
[taxi-dqn.py -                  act:86] : In ACT : qvalue value npmax: 5 
[taxi-dqn.py -                  act:83] : In ACT : state value : [[1]] 
[taxi-dqn.py -                  act:85] : In ACT : qvalue value : [[ 0.00579059 -0.00065832 -0.00600331  0.00601811  0.00737865  0.00694883]] 
[taxi-dqn.py -                  act:86] : In ACT : qvalue value npmax: 4 
[taxi-dqn.py -                  act:83] : In ACT : state value : [[17]] 
[taxi-dqn.py -                  act:85] : In ACT : qvalue value : [[ 0.01238003 -0.01058589  0.00426059  0.00017418  0.00600879  0.00662104]] 
[taxi-dqn.py -                  act:86] : In ACT : qvalue value npmax: 0 
[taxi-dqn.py -                  act:83] : In ACT : state value : [[117]] 
[taxi-dqn.py -                  act:85] : In ACT : qvalue value : [[ 0.00745952  0.0015446  -0.00044586 -0.00783355  0.007681    0.00255624]] 
[taxi-dqn.py -                  act:86] : In ACT : qvalue value npmax: 4 
[taxi-dqn.py -                  act:83] : In ACT : state value : [[117]] 
[taxi-dqn.py -                  act:85] : In ACT : qvalue value : [[ 0.00745952  0.0015446  -0.00044586 -0.00783355  0.007681    0.00255624]] 
[taxi-dqn.py -                  act:86] : In ACT : qvalue value npmax: 4 
[taxi-dqn.py -                  act:83] : In ACT : state value : [[117]] 
[taxi-dqn.py -                  act:85] : In ACT : qvalue value : [[ 0.00745952  0.0015446  -0.00044586 -0.00783355  0.007681    0.00255624]] 
[taxi-dqn.py -                  act:86] : In ACT : qvalue value npmax: 4 
[taxi-dqn.py -                  act:83] : In ACT : state value : [[117]] 
[taxi-dqn.py -                  act:85] : In ACT : qvalue value : [[ 0.00745952  0.0015446  -0.00044586 -0.00783355  0.007681    0.00255624]] 
[taxi-dqn.py -                  act:86] : In ACT : qvalue value npmax: 4 
[taxi-dqn.py -                  act:83] : In ACT : state value : [[117]] 
[taxi-dqn.py -                  act:85] : In ACT : qvalue value : [[ 0.00745952  0.0015446  -0.00044586 -0.00783355  0.007681    0.00255624]] 
[taxi-dqn.py -                  act:86] : In ACT : qvalue value npmax: 4 
[taxi-dqn.py -                  act:83] : In ACT : state value : [[117]] 
[taxi-dqn.py -                  act:85] : In ACT : qvalue value : [[ 0.00745952  0.0015446  -0.00044586 -0.00783355  0.007681    0.00255624]] 
[taxi-dqn.py -                  act:86] : In ACT : qvalue value npmax: 4 
[taxi-dqn.py -                  act:83] : In ACT : state value : [[117]] 
[taxi-dqn.py -                  act:85] : In ACT : qvalue value : [[ 0.00745952  0.0015446  -0.00044586 -0.00783355  0.007681    0.00255624]] 
[taxi-dqn.py -                  act:86] : In ACT : qvalue value npmax: 4 
[taxi-dqn.py -                  act:83] : In ACT : state value : [[117]] 
[taxi-dqn.py -                  act:85] : In ACT : qvalue value : [[ 0.00745952  0.0015446  -0.00044586 -0.00783355  0.007681    0.00255624]] 
[taxi-dqn.py -                  act:86] : In ACT : qvalue value npmax: 4 
[taxi-dqn.py -                  act:83] : In ACT : state value : [[117]] 
[taxi-dqn.py -                  act:85] : In ACT : qvalue value : [[ 0.00745952  0.0015446  -0.00044586 -0.00783355  0.007681    0.00255624]] 
[taxi-dqn.py -                  act:86] : In ACT : qvalue value npmax: 4 
[taxi-dqn.py -                  act:83] : In ACT : state value : [[117]] 
[taxi-dqn.py -                  act:85] : In ACT : qvalue value : [[ 0.00745952  0.0015446  -0.00044586 -0.00783355  0.007681    0.00255624]] 
[taxi-dqn.py -                  act:86] : In ACT : qvalue value npmax: 4 
[taxi-dqn.py -                  act:83] : In ACT : state value : [[117]] 
[taxi-dqn.py -                  act:85] : In ACT : qvalue value : [[ 0.00745952  0.0015446  -0.00044586 -0.00783355  0.007681    0.00255624]] 
[taxi-dqn.py -                  act:86] : In ACT : qvalue value npmax: 4 
[taxi-dqn.py -                  act:83] : In ACT : state value : [[117]] 
[taxi-dqn.py -                  act:85] : In ACT : qvalue value : [[ 0.00745952  0.0015446  -0.00044586 -0.00783355  0.007681    0.00255624]] 
[taxi-dqn.py -                  act:86] : In ACT : qvalue value npmax: 4 
[taxi-dqn.py -                  act:83] : In ACT : state value : [[117]] 
[taxi-dqn.py -                  act:85] : In ACT : qvalue value : [[ 0.00745952  0.0015446  -0.00044586 -0.00783355  0.007681    0.00255624]] 
[taxi-dqn.py -                  act:86] : In ACT : qvalue value npmax: 4 
[taxi-dqn.py -                  act:83] : In ACT : state value : [[117]] 
[taxi-dqn.py -                  act:85] : In ACT : qvalue value : [[ 0.00745952  0.0015446  -0.00044586 -0.00783355  0.007681    0.00255624]] 
[taxi-dqn.py -                  act:86] : In ACT : qvalue value npmax: 4 
[taxi-dqn.py -                  act:83] : In ACT : state value : [[117]] 
[taxi-dqn.py -                  act:85] : In ACT : qvalue value : [[ 0.00745952  0.0015446  -0.00044586 -0.00783355  0.007681    0.00255624]] 
[taxi-dqn.py -                  act:86] : In ACT : qvalue value npmax: 4 
[taxi-dqn.py -                  act:83] : In ACT : state value : [[117]] 
[taxi-dqn.py -                  act:85] : In ACT : qvalue value : [[ 0.00745952  0.0015446  -0.00044586 -0.00783355  0.007681    0.00255624]] 
[taxi-dqn.py -                  act:86] : In ACT : qvalue value npmax: 4 
[taxi-dqn.py -                  act:83] : In ACT : state value : [[117]] 
[taxi-dqn.py -                  act:85] : In ACT : qvalue value : [[ 0.00745952  0.0015446  -0.00044586 -0.00783355  0.007681    0.00255624]] 
[taxi-dqn.py -                  act:86] : In ACT : qvalue value npmax: 4 
[taxi-dqn.py -                  act:83] : In ACT : state value : [[117]] 
[taxi-dqn.py -                  act:85] : In ACT : qvalue value : [[ 0.00745952  0.0015446  -0.00044586 -0.00783355  0.007681    0.00255624]] 
[taxi-dqn.py -                  act:86] : In ACT : qvalue value npmax: 4 
[taxi-dqn.py -                  act:83] : In ACT : state value : [[117]] 
[taxi-dqn.py -                  act:85] : In ACT : qvalue value : [[ 0.00745952  0.0015446  -0.00044586 -0.00783355  0.007681    0.00255624]] 
[taxi-dqn.py -                  act:86] : In ACT : qvalue value npmax: 4 
